{"C:\\Users\\doddy\\Documents\\personal\\ewallet-starwork\\ewallet-api\\src\\app.controller.ts": {"path":"C:\\Users\\doddy\\Documents\\personal\\ewallet-starwork\\ewallet-api\\src\\app.controller.ts","statementMap":{"0":{"start":{"line":1,"column":0},"end":{"line":1,"column":49}},"1":{"start":{"line":2,"column":0},"end":{"line":2,"column":43}},"2":{"start":{"line":5,"column":7},"end":{"line":12,"column":null}},"3":{"start":{"line":6,"column":31},"end":{"line":6,"column":43}},"4":{"start":{"line":10,"column":4},"end":{"line":10,"column":38}},"5":{"start":{"line":5,"column":13},"end":{"line":5,"column":26}},"6":{"start":{"line":9,"column":2},"end":{"line":11,"column":null}},"7":{"start":{"line":5,"column":13},"end":{"line":12,"column":null}}},"fnMap":{"0":{"name":"(anonymous_2)","decl":{"start":{"line":6,"column":2},"end":{"line":6,"column":31}},"loc":{"start":{"line":6,"column":53},"end":{"line":6,"column":57}}},"1":{"name":"(anonymous_3)","decl":{"start":{"line":9,"column":2},"end":{"line":9,"column":10}},"loc":{"start":{"line":9,"column":10},"end":{"line":11,"column":3}}}},"branchMap":{"0":{"loc":{"start":{"line":6,"column":43},"end":{"line":6,"column":56}},"type":"cond-expr","locations":[{"start":{"line":6,"column":53},"end":{"line":6,"column":56}},{"start":{"line":6,"column":53},"end":{"line":6,"column":56}}]},"1":{"loc":{"start":{"line":6,"column":43},"end":{"line":6,"column":53}},"type":"binary-expr","locations":[{"start":{"line":6,"column":43},"end":{"line":6,"column":56}},{"start":{"line":6,"column":43},"end":{"line":6,"column":53}}]}},"s":{"0":1,"1":1,"2":1,"3":1,"4":1,"5":1,"6":1,"7":1},"f":{"0":1,"1":1},"b":{"0":[1,0],"1":[1,1]}}
,"C:\\Users\\doddy\\Documents\\personal\\ewallet-starwork\\ewallet-api\\src\\app.module.ts": {"path":"C:\\Users\\doddy\\Documents\\personal\\ewallet-starwork\\ewallet-api\\src\\app.module.ts","statementMap":{"0":{"start":{"line":1,"column":0},"end":{"line":1,"column":40}},"1":{"start":{"line":2,"column":0},"end":{"line":2,"column":61}},"2":{"start":{"line":3,"column":0},"end":{"line":3,"column":48}},"3":{"start":{"line":4,"column":0},"end":{"line":4,"column":49}},"4":{"start":{"line":5,"column":0},"end":{"line":5,"column":43}},"5":{"start":{"line":6,"column":0},"end":{"line":6,"column":61}},"6":{"start":{"line":7,"column":0},"end":{"line":7,"column":48}},"7":{"start":{"line":8,"column":0},"end":{"line":8,"column":48}},"8":{"start":{"line":9,"column":0},"end":{"line":9,"column":57}},"9":{"start":{"line":10,"column":0},"end":{"line":10,"column":54}},"10":{"start":{"line":11,"column":0},"end":{"line":11,"column":54}},"11":{"start":{"line":12,"column":0},"end":{"line":12,"column":46}},"12":{"start":{"line":13,"column":0},"end":{"line":13,"column":50}},"13":{"start":{"line":14,"column":0},"end":{"line":14,"column":60}},"14":{"start":{"line":15,"column":0},"end":{"line":15,"column":52}},"15":{"start":{"line":38,"column":7},"end":{"line":38,"column":null}},"16":{"start":{"line":38,"column":13},"end":{"line":38,"column":22}},"17":{"start":{"line":38,"column":13},"end":{"line":38,"column":null}},"18":{"start":{"line":25,"column":52},"end":{"line":25,"column":84}}},"fnMap":{"0":{"name":"(anonymous_1)","decl":{"start":{"line":25,"column":18},"end":{"line":25,"column":19}},"loc":{"start":{"line":25,"column":52},"end":{"line":25,"column":84}}}},"branchMap":{},"s":{"0":0,"1":0,"2":0,"3":0,"4":0,"5":0,"6":0,"7":0,"8":0,"9":0,"10":0,"11":0,"12":0,"13":0,"14":0,"15":0,"16":0,"17":0,"18":0},"f":{"0":0},"b":{}}
,"C:\\Users\\doddy\\Documents\\personal\\ewallet-starwork\\ewallet-api\\src\\app.service.ts": {"path":"C:\\Users\\doddy\\Documents\\personal\\ewallet-starwork\\ewallet-api\\src\\app.service.ts","statementMap":{"0":{"start":{"line":1,"column":0},"end":{"line":1,"column":44}},"1":{"start":{"line":4,"column":7},"end":{"line":8,"column":null}},"2":{"start":{"line":6,"column":4},"end":{"line":6,"column":26}},"3":{"start":{"line":4,"column":13},"end":{"line":4,"column":23}},"4":{"start":{"line":4,"column":13},"end":{"line":8,"column":null}}},"fnMap":{"0":{"name":"(anonymous_1)","decl":{"start":{"line":5,"column":2},"end":{"line":5,"column":10}},"loc":{"start":{"line":5,"column":10},"end":{"line":7,"column":3}}}},"branchMap":{},"s":{"0":1,"1":1,"2":1,"3":1,"4":1},"f":{"0":1},"b":{}}
,"C:\\Users\\doddy\\Documents\\personal\\ewallet-starwork\\ewallet-api\\src\\main.ts": {"path":"C:\\Users\\doddy\\Documents\\personal\\ewallet-starwork\\ewallet-api\\src\\main.ts","statementMap":{"0":{"start":{"line":1,"column":0},"end":{"line":1,"column":43}},"1":{"start":{"line":2,"column":0},"end":{"line":2,"column":48}},"2":{"start":{"line":3,"column":0},"end":{"line":3,"column":41}},"3":{"start":{"line":4,"column":0},"end":{"line":4,"column":56}},"4":{"start":{"line":7,"column":14},"end":{"line":7,"column":49}},"5":{"start":{"line":10,"column":2},"end":{"line":14,"column":6}},"6":{"start":{"line":17,"column":2},"end":{"line":17,"column":19}},"7":{"start":{"line":20,"column":24},"end":{"line":20,"column":46}},"8":{"start":{"line":21,"column":2},"end":{"line":21,"column":34}},"9":{"start":{"line":23,"column":15},"end":{"line":23,"column":39}},"10":{"start":{"line":24,"column":2},"end":{"line":24,"column":25}},"11":{"start":{"line":25,"column":2},"end":{"line":25,"column":69}},"12":{"start":{"line":27,"column":0},"end":{"line":27,"column":12}}},"fnMap":{"0":{"name":"bootstrap","decl":{"start":{"line":6,"column":15},"end":{"line":6,"column":24}},"loc":{"start":{"line":6,"column":24},"end":{"line":26,"column":1}}}},"branchMap":{"0":{"loc":{"start":{"line":23,"column":15},"end":{"line":23,"column":39}},"type":"binary-expr","locations":[{"start":{"line":23,"column":15},"end":{"line":23,"column":31}},{"start":{"line":23,"column":35},"end":{"line":23,"column":39}}]}},"s":{"0":0,"1":0,"2":0,"3":0,"4":0,"5":0,"6":0,"7":0,"8":0,"9":0,"10":0,"11":0,"12":0},"f":{"0":0},"b":{"0":[0,0]}}
,"C:\\Users\\doddy\\Documents\\personal\\ewallet-starwork\\ewallet-api\\src\\auth\\auth.controller.ts": {"path":"C:\\Users\\doddy\\Documents\\personal\\ewallet-starwork\\ewallet-api\\src\\auth\\auth.controller.ts","statementMap":{"0":{"start":{"line":1,"column":0},"end":{"line":1,"column":108}},"1":{"start":{"line":2,"column":0},"end":{"line":2,"column":45}},"2":{"start":{"line":3,"column":0},"end":{"line":3,"column":60}},"3":{"start":{"line":4,"column":0},"end":{"line":4,"column":48}},"4":{"start":{"line":5,"column":0},"end":{"line":5,"column":43}},"5":{"start":{"line":6,"column":0},"end":{"line":6,"column":42}},"6":{"start":{"line":7,"column":0},"end":{"line":7,"column":51}},"7":{"start":{"line":10,"column":7},"end":{"line":61,"column":null}},"8":{"start":{"line":11,"column":31},"end":{"line":11,"column":44}},"9":{"start":{"line":20,"column":23},"end":{"line":20,"column":52}},"10":{"start":{"line":21,"column":22},"end":{"line":21,"column":79}},"11":{"start":{"line":23,"column":4},"end":{"line":23,"column":67}},"12":{"start":{"line":30,"column":18},"end":{"line":30,"column":67}},"13":{"start":{"line":31,"column":4},"end":{"line":31,"column":42}},"14":{"start":{"line":38,"column":19},"end":{"line":38,"column":30}},"15":{"start":{"line":39,"column":4},"end":{"line":39,"column":54}},"16":{"start":{"line":46,"column":19},"end":{"line":46,"column":30}},"17":{"start":{"line":47,"column":21},"end":{"line":47,"column":69}},"18":{"start":{"line":48,"column":4},"end":{"line":51,"column":6}},"19":{"start":{"line":59,"column":4},"end":{"line":59,"column":98}},"20":{"start":{"line":10,"column":13},"end":{"line":10,"column":27}},"21":{"start":{"line":15,"column":8},"end":{"line":24,"column":null}},"22":{"start":{"line":29,"column":8},"end":{"line":32,"column":null}},"23":{"start":{"line":37,"column":8},"end":{"line":40,"column":null}},"24":{"start":{"line":45,"column":8},"end":{"line":52,"column":null}},"25":{"start":{"line":58,"column":8},"end":{"line":60,"column":null}},"26":{"start":{"line":10,"column":13},"end":{"line":61,"column":null}}},"fnMap":{"0":{"name":"(anonymous_4)","decl":{"start":{"line":11,"column":2},"end":{"line":11,"column":31}},"loc":{"start":{"line":11,"column":55},"end":{"line":11,"column":59}}},"1":{"name":"(anonymous_5)","decl":{"start":{"line":15,"column":8},"end":{"line":15,"column":13}},"loc":{"start":{"line":18,"column":20},"end":{"line":24,"column":3}}},"2":{"name":"(anonymous_6)","decl":{"start":{"line":29,"column":8},"end":{"line":29,"column":14}},"loc":{"start":{"line":29,"column":30},"end":{"line":32,"column":3}}},"3":{"name":"(anonymous_7)","decl":{"start":{"line":37,"column":8},"end":{"line":37,"column":25}},"loc":{"start":{"line":37,"column":41},"end":{"line":40,"column":3}}},"4":{"name":"(anonymous_8)","decl":{"start":{"line":45,"column":8},"end":{"line":45,"column":25}},"loc":{"start":{"line":45,"column":41},"end":{"line":52,"column":3}}},"5":{"name":"(anonymous_9)","decl":{"start":{"line":58,"column":8},"end":{"line":58,"column":19}},"loc":{"start":{"line":58,"column":106},"end":{"line":60,"column":3}}}},"branchMap":{"0":{"loc":{"start":{"line":20,"column":23},"end":{"line":20,"column":52}},"type":"binary-expr","locations":[{"start":{"line":20,"column":23},"end":{"line":20,"column":32}},{"start":{"line":20,"column":36},"end":{"line":20,"column":52}}]},"1":{"loc":{"start":{"line":21,"column":22},"end":{"line":21,"column":79}},"type":"binary-expr","locations":[{"start":{"line":21,"column":22},"end":{"line":21,"column":29}},{"start":{"line":21,"column":33},"end":{"line":21,"column":63}},{"start":{"line":21,"column":67},"end":{"line":21,"column":79}}]},"2":{"loc":{"start":{"line":16,"column":22},"end":{"line":16,"column":null}},"type":"cond-expr","locations":[{"start":{"line":16,"column":30},"end":{"line":16,"column":null}},{"start":{"line":16,"column":30},"end":{"line":16,"column":null}}]},"3":{"loc":{"start":{"line":16,"column":22},"end":{"line":16,"column":30}},"type":"binary-expr","locations":[{"start":{"line":16,"column":22},"end":{"line":16,"column":null}},{"start":{"line":16,"column":22},"end":{"line":16,"column":30}}]},"4":{"loc":{"start":{"line":19,"column":5},"end":{"line":19,"column":null}},"type":"cond-expr","locations":[{"start":{"line":19,"column":12},"end":{"line":19,"column":null}},{"start":{"line":19,"column":12},"end":{"line":19,"column":null}}]},"5":{"loc":{"start":{"line":19,"column":5},"end":{"line":19,"column":12}},"type":"binary-expr","locations":[{"start":{"line":19,"column":5},"end":{"line":19,"column":null}},{"start":{"line":19,"column":5},"end":{"line":19,"column":12}}]},"6":{"loc":{"start":{"line":11,"column":44},"end":{"line":11,"column":58}},"type":"cond-expr","locations":[{"start":{"line":11,"column":55},"end":{"line":11,"column":58}},{"start":{"line":11,"column":55},"end":{"line":11,"column":58}}]},"7":{"loc":{"start":{"line":11,"column":44},"end":{"line":11,"column":55}},"type":"binary-expr","locations":[{"start":{"line":11,"column":44},"end":{"line":11,"column":58}},{"start":{"line":11,"column":44},"end":{"line":11,"column":55}}]}},"s":{"0":0,"1":0,"2":0,"3":0,"4":0,"5":0,"6":0,"7":0,"8":0,"9":0,"10":0,"11":0,"12":0,"13":0,"14":0,"15":0,"16":0,"17":0,"18":0,"19":0,"20":0,"21":0,"22":0,"23":0,"24":0,"25":0,"26":0},"f":{"0":0,"1":0,"2":0,"3":0,"4":0,"5":0},"b":{"0":[0,0],"1":[0,0,0],"2":[0,0],"3":[0,0],"4":[0,0],"5":[0,0],"6":[0,0],"7":[0,0]}}
,"C:\\Users\\doddy\\Documents\\personal\\ewallet-starwork\\ewallet-api\\src\\auth\\auth.module.ts": {"path":"C:\\Users\\doddy\\Documents\\personal\\ewallet-starwork\\ewallet-api\\src\\auth\\auth.module.ts","statementMap":{"0":{"start":{"line":1,"column":0},"end":{"line":1,"column":40}},"1":{"start":{"line":2,"column":0},"end":{"line":2,"column":40}},"2":{"start":{"line":3,"column":0},"end":{"line":3,"column":50}},"3":{"start":{"line":4,"column":0},"end":{"line":4,"column":61}},"4":{"start":{"line":5,"column":0},"end":{"line":5,"column":45}},"5":{"start":{"line":6,"column":0},"end":{"line":6,"column":51}},"6":{"start":{"line":7,"column":0},"end":{"line":7,"column":45}},"7":{"start":{"line":8,"column":0},"end":{"line":8,"column":49}},"8":{"start":{"line":9,"column":0},"end":{"line":9,"column":58}},"9":{"start":{"line":29,"column":7},"end":{"line":29,"column":null}},"10":{"start":{"line":29,"column":13},"end":{"line":29,"column":23}},"11":{"start":{"line":29,"column":13},"end":{"line":29,"column":null}},"12":{"start":{"line":18,"column":59},"end":{"line":21,"column":8}}},"fnMap":{"0":{"name":"(anonymous_1)","decl":{"start":{"line":18,"column":18},"end":{"line":18,"column":23}},"loc":{"start":{"line":18,"column":59},"end":{"line":21,"column":8}}}},"branchMap":{},"s":{"0":0,"1":0,"2":0,"3":0,"4":0,"5":0,"6":0,"7":0,"8":0,"9":0,"10":0,"11":0,"12":0},"f":{"0":0},"b":{}}
,"C:\\Users\\doddy\\Documents\\personal\\ewallet-starwork\\ewallet-api\\src\\auth\\auth.service.ts": {"path":"C:\\Users\\doddy\\Documents\\personal\\ewallet-starwork\\ewallet-api\\src\\auth\\auth.service.ts","statementMap":{"0":{"start":{"line":1,"column":0},"end":{"line":1,"column":86}},"1":{"start":{"line":2,"column":0},"end":{"line":2,"column":41}},"2":{"start":{"line":3,"column":0},"end":{"line":3,"column":51}},"3":{"start":{"line":4,"column":0},"end":{"line":4,"column":60}},"4":{"start":{"line":9,"column":7},"end":{"line":89,"column":null}},"5":{"start":{"line":11,"column":12},"end":{"line":11,"column":25}},"6":{"start":{"line":12,"column":12},"end":{"line":12,"column":24}},"7":{"start":{"line":13,"column":12},"end":{"line":13,"column":28}},"8":{"start":{"line":17,"column":32},"end":{"line":17,"column":40}},"9":{"start":{"line":19,"column":17},"end":{"line":19,"column":58}},"10":{"start":{"line":20,"column":4},"end":{"line":22,"column":5}},"11":{"start":{"line":21,"column":6},"end":{"line":21,"column":61}},"12":{"start":{"line":24,"column":28},"end":{"line":24,"column":92}},"13":{"start":{"line":25,"column":4},"end":{"line":27,"column":5}},"14":{"start":{"line":26,"column":6},"end":{"line":26,"column":61}},"15":{"start":{"line":29,"column":4},"end":{"line":31,"column":5}},"16":{"start":{"line":30,"column":6},"end":{"line":30,"column":64}},"17":{"start":{"line":33,"column":20},"end":{"line":33,"column":72}},"18":{"start":{"line":34,"column":18},"end":{"line":34,"column":47}},"19":{"start":{"line":37,"column":4},"end":{"line":37,"column":83}},"20":{"start":{"line":39,"column":4},"end":{"line":48,"column":6}},"21":{"start":{"line":52,"column":4},"end":{"line":52,"column":55}},"22":{"start":{"line":53,"column":4},"end":{"line":55,"column":6}},"23":{"start":{"line":59,"column":4},"end":{"line":59,"column":61}},"24":{"start":{"line":60,"column":4},"end":{"line":62,"column":6}},"25":{"start":{"line":66,"column":21},"end":{"line":66,"column":76}},"26":{"start":{"line":67,"column":4},"end":{"line":73,"column":8}},"27":{"start":{"line":67,"column":36},"end":{"line":73,"column":6}},"28":{"start":{"line":78,"column":26},"end":{"line":78,"column":67}},"29":{"start":{"line":79,"column":4},"end":{"line":81,"column":5}},"30":{"start":{"line":80,"column":6},"end":{"line":80,"column":74}},"31":{"start":{"line":83,"column":4},"end":{"line":83,"column":77}},"32":{"start":{"line":85,"column":4},"end":{"line":87,"column":6}},"33":{"start":{"line":9,"column":13},"end":{"line":9,"column":24}},"34":{"start":{"line":9,"column":13},"end":{"line":89,"column":null}}},"fnMap":{"0":{"name":"(anonymous_2)","decl":{"start":{"line":10,"column":2},"end":{"line":10,"column":null}},"loc":{"start":{"line":13,"column":42},"end":{"line":14,"column":6}}},"1":{"name":"(anonymous_3)","decl":{"start":{"line":16,"column":2},"end":{"line":16,"column":7}},"loc":{"start":{"line":16,"column":73},"end":{"line":49,"column":3}}},"2":{"name":"(anonymous_4)","decl":{"start":{"line":51,"column":2},"end":{"line":51,"column":7}},"loc":{"start":{"line":51,"column":28},"end":{"line":56,"column":3}}},"3":{"name":"(anonymous_5)","decl":{"start":{"line":58,"column":2},"end":{"line":58,"column":7}},"loc":{"start":{"line":58,"column":40},"end":{"line":63,"column":3}}},"4":{"name":"(anonymous_6)","decl":{"start":{"line":65,"column":2},"end":{"line":65,"column":7}},"loc":{"start":{"line":65,"column":40},"end":{"line":74,"column":3}}},"5":{"name":"(anonymous_7)","decl":{"start":{"line":67,"column":24},"end":{"line":67,"column":31}},"loc":{"start":{"line":67,"column":36},"end":{"line":73,"column":6}}},"6":{"name":"(anonymous_8)","decl":{"start":{"line":76,"column":2},"end":{"line":76,"column":7}},"loc":{"start":{"line":76,"column":88},"end":{"line":88,"column":3}}}},"branchMap":{"0":{"loc":{"start":{"line":20,"column":4},"end":{"line":22,"column":5}},"type":"if","locations":[{"start":{"line":20,"column":4},"end":{"line":22,"column":5}},{"start":{},"end":{}}]},"1":{"loc":{"start":{"line":25,"column":4},"end":{"line":27,"column":5}},"type":"if","locations":[{"start":{"line":25,"column":4},"end":{"line":27,"column":5}},{"start":{},"end":{}}]},"2":{"loc":{"start":{"line":29,"column":4},"end":{"line":31,"column":5}},"type":"if","locations":[{"start":{"line":29,"column":4},"end":{"line":31,"column":5}},{"start":{},"end":{}}]},"3":{"loc":{"start":{"line":79,"column":4},"end":{"line":81,"column":5}},"type":"if","locations":[{"start":{"line":79,"column":4},"end":{"line":81,"column":5}},{"start":{},"end":{}}]},"4":{"loc":{"start":{"line":11,"column":25},"end":{"line":11,"column":null}},"type":"cond-expr","locations":[{"start":{"line":11,"column":36},"end":{"line":11,"column":null}},{"start":{"line":11,"column":36},"end":{"line":11,"column":null}}]},"5":{"loc":{"start":{"line":11,"column":25},"end":{"line":11,"column":36}},"type":"binary-expr","locations":[{"start":{"line":11,"column":25},"end":{"line":11,"column":null}},{"start":{"line":11,"column":25},"end":{"line":11,"column":36}}]},"6":{"loc":{"start":{"line":11,"column":36},"end":{"line":12,"column":null}},"type":"cond-expr","locations":[{"start":{"line":12,"column":34},"end":{"line":12,"column":null}},{"start":{"line":12,"column":34},"end":{"line":12,"column":null}}]},"7":{"loc":{"start":{"line":11,"column":36},"end":{"line":12,"column":34}},"type":"binary-expr","locations":[{"start":{"line":11,"column":36},"end":{"line":12,"column":null}},{"start":{"line":12,"column":24},"end":{"line":12,"column":34}}]},"8":{"loc":{"start":{"line":12,"column":34},"end":{"line":13,"column":null}},"type":"cond-expr","locations":[{"start":{"line":13,"column":42},"end":{"line":13,"column":null}},{"start":{"line":13,"column":42},"end":{"line":13,"column":null}}]},"9":{"loc":{"start":{"line":12,"column":34},"end":{"line":13,"column":42}},"type":"binary-expr","locations":[{"start":{"line":12,"column":34},"end":{"line":13,"column":null}},{"start":{"line":13,"column":28},"end":{"line":13,"column":42}}]}},"s":{"0":1,"1":1,"2":1,"3":1,"4":1,"5":8,"6":8,"7":8,"8":4,"9":4,"10":4,"11":1,"12":3,"13":3,"14":1,"15":2,"16":1,"17":1,"18":1,"19":1,"20":1,"21":1,"22":1,"23":1,"24":1,"25":0,"26":0,"27":0,"28":2,"29":2,"30":1,"31":1,"32":1,"33":1,"34":1},"f":{"0":8,"1":4,"2":1,"3":1,"4":0,"5":0,"6":2},"b":{"0":[1,3],"1":[1,2],"2":[1,1],"3":[1,1],"4":[1,0],"5":[1,1],"6":[1,0],"7":[1,1],"8":[1,0],"9":[1,1]}}
,"C:\\Users\\doddy\\Documents\\personal\\ewallet-starwork\\ewallet-api\\src\\auth\\jwt-auth.guard.ts": {"path":"C:\\Users\\doddy\\Documents\\personal\\ewallet-starwork\\ewallet-api\\src\\auth\\jwt-auth.guard.ts","statementMap":{"0":{"start":{"line":1,"column":0},"end":{"line":1,"column":44}},"1":{"start":{"line":2,"column":0},"end":{"line":2,"column":45}},"2":{"start":{"line":5,"column":7},"end":{"line":5,"column":null}},"3":{"start":{"line":5,"column":13},"end":{"line":5,"column":25}},"4":{"start":{"line":5,"column":13},"end":{"line":5,"column":null}}},"fnMap":{},"branchMap":{},"s":{"0":0,"1":0,"2":0,"3":0,"4":0},"f":{},"b":{}}
,"C:\\Users\\doddy\\Documents\\personal\\ewallet-starwork\\ewallet-api\\src\\auth\\jwt.strategy.ts": {"path":"C:\\Users\\doddy\\Documents\\personal\\ewallet-starwork\\ewallet-api\\src\\auth\\jwt.strategy.ts","statementMap":{"0":{"start":{"line":1,"column":0},"end":{"line":1,"column":67}},"1":{"start":{"line":2,"column":0},"end":{"line":2,"column":52}},"2":{"start":{"line":3,"column":0},"end":{"line":3,"column":52}},"3":{"start":{"line":4,"column":0},"end":{"line":4,"column":47}},"4":{"start":{"line":5,"column":0},"end":{"line":5,"column":51}},"5":{"start":{"line":6,"column":0},"end":{"line":6,"column":60}},"6":{"start":{"line":10,"column":7},"end":{"line":45,"column":null}},"7":{"start":{"line":16,"column":4},"end":{"line":20,"column":7}},"8":{"start":{"line":12,"column":12},"end":{"line":12,"column":27}},"9":{"start":{"line":13,"column":12},"end":{"line":13,"column":25}},"10":{"start":{"line":14,"column":12},"end":{"line":14,"column":28}},"11":{"start":{"line":25,"column":18},"end":{"line":25,"column":67}},"12":{"start":{"line":28,"column":4},"end":{"line":33,"column":5}},"13":{"start":{"line":29,"column":22},"end":{"line":29,"column":70}},"14":{"start":{"line":30,"column":6},"end":{"line":32,"column":7}},"15":{"start":{"line":31,"column":8},"end":{"line":31,"column":70}},"16":{"start":{"line":35,"column":17},"end":{"line":35,"column":61}},"17":{"start":{"line":36,"column":4},"end":{"line":38,"column":5}},"18":{"start":{"line":37,"column":6},"end":{"line":37,"column":68}},"19":{"start":{"line":39,"column":4},"end":{"line":43,"column":6}},"20":{"start":{"line":10,"column":13},"end":{"line":10,"column":24}},"21":{"start":{"line":10,"column":13},"end":{"line":45,"column":null}}},"fnMap":{"0":{"name":"(anonymous_2)","decl":{"start":{"line":11,"column":2},"end":{"line":11,"column":null}},"loc":{"start":{"line":14,"column":42},"end":{"line":21,"column":3}}},"1":{"name":"(anonymous_3)","decl":{"start":{"line":23,"column":2},"end":{"line":23,"column":7}},"loc":{"start":{"line":23,"column":39},"end":{"line":44,"column":3}}}},"branchMap":{"0":{"loc":{"start":{"line":28,"column":4},"end":{"line":33,"column":5}},"type":"if","locations":[{"start":{"line":28,"column":4},"end":{"line":33,"column":5}},{"start":{},"end":{}}]},"1":{"loc":{"start":{"line":30,"column":6},"end":{"line":32,"column":7}},"type":"if","locations":[{"start":{"line":30,"column":6},"end":{"line":32,"column":7}},{"start":{},"end":{}}]},"2":{"loc":{"start":{"line":36,"column":4},"end":{"line":38,"column":5}},"type":"if","locations":[{"start":{"line":36,"column":4},"end":{"line":38,"column":5}},{"start":{},"end":{}}]},"3":{"loc":{"start":{"line":36,"column":8},"end":{"line":36,"column":31}},"type":"binary-expr","locations":[{"start":{"line":36,"column":8},"end":{"line":36,"column":13}},{"start":{"line":36,"column":17},"end":{"line":36,"column":31}}]},"4":{"loc":{"start":{"line":12,"column":27},"end":{"line":12,"column":null}},"type":"cond-expr","locations":[{"start":{"line":12,"column":40},"end":{"line":12,"column":null}},{"start":{"line":12,"column":40},"end":{"line":12,"column":null}}]},"5":{"loc":{"start":{"line":12,"column":27},"end":{"line":12,"column":40}},"type":"binary-expr","locations":[{"start":{"line":12,"column":27},"end":{"line":12,"column":null}},{"start":{"line":12,"column":27},"end":{"line":12,"column":40}}]},"6":{"loc":{"start":{"line":12,"column":40},"end":{"line":13,"column":null}},"type":"cond-expr","locations":[{"start":{"line":13,"column":36},"end":{"line":13,"column":null}},{"start":{"line":13,"column":36},"end":{"line":13,"column":null}}]},"7":{"loc":{"start":{"line":12,"column":40},"end":{"line":13,"column":36}},"type":"binary-expr","locations":[{"start":{"line":12,"column":40},"end":{"line":13,"column":null}},{"start":{"line":13,"column":25},"end":{"line":13,"column":36}}]},"8":{"loc":{"start":{"line":13,"column":36},"end":{"line":14,"column":null}},"type":"cond-expr","locations":[{"start":{"line":14,"column":42},"end":{"line":14,"column":null}},{"start":{"line":14,"column":42},"end":{"line":14,"column":null}}]},"9":{"loc":{"start":{"line":13,"column":36},"end":{"line":14,"column":42}},"type":"binary-expr","locations":[{"start":{"line":13,"column":36},"end":{"line":14,"column":null}},{"start":{"line":14,"column":28},"end":{"line":14,"column":42}}]}},"s":{"0":0,"1":0,"2":0,"3":0,"4":0,"5":0,"6":0,"7":0,"8":0,"9":0,"10":0,"11":0,"12":0,"13":0,"14":0,"15":0,"16":0,"17":0,"18":0,"19":0,"20":0,"21":0},"f":{"0":0,"1":0},"b":{"0":[0,0],"1":[0,0],"2":[0,0],"3":[0,0],"4":[0,0],"5":[0,0],"6":[0,0],"7":[0,0],"8":[0,0],"9":[0,0]}}
,"C:\\Users\\doddy\\Documents\\personal\\ewallet-starwork\\ewallet-api\\src\\auth\\roles.decorator.ts": {"path":"C:\\Users\\doddy\\Documents\\personal\\ewallet-starwork\\ewallet-api\\src\\auth\\roles.decorator.ts","statementMap":{"0":{"start":{"line":1,"column":0},"end":{"line":1,"column":45}},"1":{"start":{"line":4,"column":13},"end":{"line":4,"column":33}},"2":{"start":{"line":5,"column":21},"end":{"line":5,"column":76}},"3":{"start":{"line":5,"column":47},"end":{"line":5,"column":76}},"4":{"start":{"line":5,"column":13},"end":{"line":5,"column":21}}},"fnMap":{"0":{"name":"(anonymous_0)","decl":{"start":{"line":5,"column":21},"end":{"line":5,"column":22}},"loc":{"start":{"line":5,"column":47},"end":{"line":5,"column":76}}}},"branchMap":{},"s":{"0":0,"1":0,"2":0,"3":0,"4":0},"f":{"0":0},"b":{}}
,"C:\\Users\\doddy\\Documents\\personal\\ewallet-starwork\\ewallet-api\\src\\auth\\roles.guard.ts": {"path":"C:\\Users\\doddy\\Documents\\personal\\ewallet-starwork\\ewallet-api\\src\\auth\\roles.guard.ts","statementMap":{"0":{"start":{"line":1,"column":0},"end":{"line":1,"column":75}},"1":{"start":{"line":2,"column":0},"end":{"line":2,"column":41}},"2":{"start":{"line":6,"column":7},"end":{"line":22,"column":null}},"3":{"start":{"line":7,"column":22},"end":{"line":7,"column":33}},"4":{"start":{"line":10,"column":26},"end":{"line":13,"column":6}},"5":{"start":{"line":15,"column":4},"end":{"line":17,"column":5}},"6":{"start":{"line":16,"column":6},"end":{"line":16,"column":18}},"7":{"start":{"line":19,"column":21},"end":{"line":19,"column":56}},"8":{"start":{"line":20,"column":4},"end":{"line":20,"column":60}},"9":{"start":{"line":20,"column":40},"end":{"line":20,"column":58}},"10":{"start":{"line":6,"column":13},"end":{"line":6,"column":23}},"11":{"start":{"line":6,"column":13},"end":{"line":22,"column":null}}},"fnMap":{"0":{"name":"(anonymous_2)","decl":{"start":{"line":7,"column":2},"end":{"line":7,"column":22}},"loc":{"start":{"line":7,"column":42},"end":{"line":7,"column":46}}},"1":{"name":"(anonymous_3)","decl":{"start":{"line":9,"column":2},"end":{"line":9,"column":13}},"loc":{"start":{"line":9,"column":39},"end":{"line":21,"column":3}}},"2":{"name":"(anonymous_4)","decl":{"start":{"line":20,"column":30},"end":{"line":20,"column":31}},"loc":{"start":{"line":20,"column":40},"end":{"line":20,"column":58}}}},"branchMap":{"0":{"loc":{"start":{"line":15,"column":4},"end":{"line":17,"column":5}},"type":"if","locations":[{"start":{"line":15,"column":4},"end":{"line":17,"column":5}},{"start":{},"end":{}}]},"1":{"loc":{"start":{"line":7,"column":33},"end":{"line":7,"column":45}},"type":"cond-expr","locations":[{"start":{"line":7,"column":42},"end":{"line":7,"column":45}},{"start":{"line":7,"column":42},"end":{"line":7,"column":45}}]},"2":{"loc":{"start":{"line":7,"column":33},"end":{"line":7,"column":42}},"type":"binary-expr","locations":[{"start":{"line":7,"column":33},"end":{"line":7,"column":45}},{"start":{"line":7,"column":33},"end":{"line":7,"column":42}}]}},"s":{"0":0,"1":0,"2":0,"3":0,"4":0,"5":0,"6":0,"7":0,"8":0,"9":0,"10":0,"11":0},"f":{"0":0,"1":0,"2":0},"b":{"0":[0,0],"1":[0,0],"2":[0,0]}}
,"C:\\Users\\doddy\\Documents\\personal\\ewallet-starwork\\ewallet-api\\src\\config\\database.config.ts": {"path":"C:\\Users\\doddy\\Documents\\personal\\ewallet-starwork\\ewallet-api\\src\\config\\database.config.ts","statementMap":{"0":{"start":{"line":4,"column":33},"end":{"line":15,"column":2}},"1":{"start":{"line":4,"column":90},"end":{"line":15,"column":2}},"2":{"start":{"line":4,"column":13},"end":{"line":4,"column":33}}},"fnMap":{"0":{"name":"(anonymous_0)","decl":{"start":{"line":4,"column":33},"end":{"line":4,"column":34}},"loc":{"start":{"line":4,"column":90},"end":{"line":15,"column":2}}}},"branchMap":{},"s":{"0":0,"1":0,"2":0},"f":{"0":0},"b":{}}
,"C:\\Users\\doddy\\Documents\\personal\\ewallet-starwork\\ewallet-api\\src\\deposit\\deposit.controller.ts": {"path":"C:\\Users\\doddy\\Documents\\personal\\ewallet-starwork\\ewallet-api\\src\\deposit\\deposit.controller.ts","statementMap":{"0":{"start":{"line":1,"column":0},"end":{"line":1,"column":99}},"1":{"start":{"line":2,"column":0},"end":{"line":2,"column":51}},"2":{"start":{"line":3,"column":0},"end":{"line":3,"column":93}},"3":{"start":{"line":4,"column":0},"end":{"line":4,"column":54}},"4":{"start":{"line":5,"column":0},"end":{"line":5,"column":49}},"5":{"start":{"line":6,"column":0},"end":{"line":6,"column":48}},"6":{"start":{"line":7,"column":0},"end":{"line":7,"column":51}},"7":{"start":{"line":10,"column":7},"end":{"line":66,"column":null}},"8":{"start":{"line":11,"column":31},"end":{"line":11,"column":47}},"9":{"start":{"line":21,"column":19},"end":{"line":21,"column":30}},"10":{"start":{"line":22,"column":20},"end":{"line":22,"column":92}},"11":{"start":{"line":24,"column":4},"end":{"line":27,"column":6}},"12":{"start":{"line":35,"column":21},"end":{"line":35,"column":67}},"13":{"start":{"line":37,"column":4},"end":{"line":40,"column":6}},"14":{"start":{"line":50,"column":4},"end":{"line":50,"column":66}},"15":{"start":{"line":58,"column":19},"end":{"line":58,"column":30}},"16":{"start":{"line":59,"column":21},"end":{"line":59,"column":70}},"17":{"start":{"line":61,"column":4},"end":{"line":64,"column":6}},"18":{"start":{"line":10,"column":13},"end":{"line":10,"column":30}},"19":{"start":{"line":17,"column":8},"end":{"line":28,"column":null}},"20":{"start":{"line":34,"column":8},"end":{"line":41,"column":null}},"21":{"start":{"line":47,"column":8},"end":{"line":51,"column":null}},"22":{"start":{"line":57,"column":8},"end":{"line":65,"column":null}},"23":{"start":{"line":10,"column":13},"end":{"line":66,"column":null}}},"fnMap":{"0":{"name":"(anonymous_4)","decl":{"start":{"line":11,"column":2},"end":{"line":11,"column":31}},"loc":{"start":{"line":11,"column":61},"end":{"line":11,"column":65}}},"1":{"name":"(anonymous_5)","decl":{"start":{"line":17,"column":8},"end":{"line":17,"column":28}},"loc":{"start":{"line":19,"column":19},"end":{"line":28,"column":3}}},"2":{"name":"(anonymous_6)","decl":{"start":{"line":34,"column":8},"end":{"line":34,"column":26}},"loc":{"start":{"line":34,"column":26},"end":{"line":41,"column":3}}},"3":{"name":"(anonymous_7)","decl":{"start":{"line":47,"column":8},"end":{"line":47,"column":22}},"loc":{"start":{"line":48,"column":43},"end":{"line":51,"column":3}}},"4":{"name":"(anonymous_8)","decl":{"start":{"line":57,"column":8},"end":{"line":57,"column":23}},"loc":{"start":{"line":57,"column":39},"end":{"line":65,"column":3}}}},"branchMap":{"0":{"loc":{"start":{"line":18,"column":30},"end":{"line":18,"column":null}},"type":"cond-expr","locations":[{"start":{"line":18,"column":46},"end":{"line":18,"column":null}},{"start":{"line":18,"column":46},"end":{"line":18,"column":null}}]},"1":{"loc":{"start":{"line":18,"column":30},"end":{"line":18,"column":46}},"type":"binary-expr","locations":[{"start":{"line":18,"column":30},"end":{"line":18,"column":null}},{"start":{"line":18,"column":30},"end":{"line":18,"column":46}}]},"2":{"loc":{"start":{"line":20,"column":5},"end":{"line":20,"column":null}},"type":"cond-expr","locations":[{"start":{"line":20,"column":12},"end":{"line":20,"column":null}},{"start":{"line":20,"column":12},"end":{"line":20,"column":null}}]},"3":{"loc":{"start":{"line":20,"column":5},"end":{"line":20,"column":12}},"type":"binary-expr","locations":[{"start":{"line":20,"column":5},"end":{"line":20,"column":null}},{"start":{"line":20,"column":5},"end":{"line":20,"column":12}}]},"4":{"loc":{"start":{"line":34,"column":30},"end":{"line":34,"column":null}},"type":"cond-expr","locations":[{"start":{"line":34,"column":37},"end":{"line":34,"column":null}},{"start":{"line":34,"column":37},"end":{"line":34,"column":null}}]},"5":{"loc":{"start":{"line":34,"column":30},"end":{"line":34,"column":37}},"type":"binary-expr","locations":[{"start":{"line":34,"column":30},"end":{"line":34,"column":null}},{"start":{"line":34,"column":30},"end":{"line":34,"column":37}}]},"6":{"loc":{"start":{"line":49,"column":5},"end":{"line":49,"column":null}},"type":"cond-expr","locations":[{"start":{"line":49,"column":12},"end":{"line":49,"column":null}},{"start":{"line":49,"column":12},"end":{"line":49,"column":null}}]},"7":{"loc":{"start":{"line":49,"column":5},"end":{"line":49,"column":12}},"type":"binary-expr","locations":[{"start":{"line":49,"column":5},"end":{"line":49,"column":null}},{"start":{"line":49,"column":5},"end":{"line":49,"column":12}}]},"8":{"loc":{"start":{"line":57,"column":42},"end":{"line":57,"column":null}},"type":"cond-expr","locations":[{"start":{"line":57,"column":49},"end":{"line":57,"column":null}},{"start":{"line":57,"column":49},"end":{"line":57,"column":null}}]},"9":{"loc":{"start":{"line":57,"column":42},"end":{"line":57,"column":49}},"type":"binary-expr","locations":[{"start":{"line":57,"column":42},"end":{"line":57,"column":null}},{"start":{"line":57,"column":42},"end":{"line":57,"column":49}}]},"10":{"loc":{"start":{"line":11,"column":47},"end":{"line":11,"column":64}},"type":"cond-expr","locations":[{"start":{"line":11,"column":61},"end":{"line":11,"column":64}},{"start":{"line":11,"column":61},"end":{"line":11,"column":64}}]},"11":{"loc":{"start":{"line":11,"column":47},"end":{"line":11,"column":61}},"type":"binary-expr","locations":[{"start":{"line":11,"column":47},"end":{"line":11,"column":64}},{"start":{"line":11,"column":47},"end":{"line":11,"column":61}}]}},"s":{"0":0,"1":0,"2":0,"3":0,"4":0,"5":0,"6":0,"7":0,"8":0,"9":0,"10":0,"11":0,"12":0,"13":0,"14":0,"15":0,"16":0,"17":0,"18":0,"19":0,"20":0,"21":0,"22":0,"23":0},"f":{"0":0,"1":0,"2":0,"3":0,"4":0},"b":{"0":[0,0],"1":[0,0],"2":[0,0],"3":[0,0],"4":[0,0],"5":[0,0],"6":[0,0],"7":[0,0],"8":[0,0],"9":[0,0],"10":[0,0],"11":[0,0]}}
,"C:\\Users\\doddy\\Documents\\personal\\ewallet-starwork\\ewallet-api\\src\\deposit\\deposit.module.ts": {"path":"C:\\Users\\doddy\\Documents\\personal\\ewallet-starwork\\ewallet-api\\src\\deposit\\deposit.module.ts","statementMap":{"0":{"start":{"line":1,"column":0},"end":{"line":1,"column":40}},"1":{"start":{"line":2,"column":0},"end":{"line":2,"column":48}},"2":{"start":{"line":3,"column":0},"end":{"line":3,"column":51}},"3":{"start":{"line":4,"column":0},"end":{"line":4,"column":57}},"4":{"start":{"line":5,"column":0},"end":{"line":5,"column":61}},"5":{"start":{"line":6,"column":0},"end":{"line":6,"column":51}},"6":{"start":{"line":7,"column":0},"end":{"line":7,"column":47}},"7":{"start":{"line":15,"column":7},"end":{"line":15,"column":null}},"8":{"start":{"line":15,"column":13},"end":{"line":15,"column":26}},"9":{"start":{"line":15,"column":13},"end":{"line":15,"column":null}}},"fnMap":{},"branchMap":{},"s":{"0":0,"1":0,"2":0,"3":0,"4":0,"5":0,"6":0,"7":0,"8":0,"9":0},"f":{},"b":{}}
,"C:\\Users\\doddy\\Documents\\personal\\ewallet-starwork\\ewallet-api\\src\\deposit\\deposit.service.ts": {"path":"C:\\Users\\doddy\\Documents\\personal\\ewallet-starwork\\ewallet-api\\src\\deposit\\deposit.service.ts","statementMap":{"0":{"start":{"line":1,"column":0},"end":{"line":1,"column":84}},"1":{"start":{"line":2,"column":0},"end":{"line":2,"column":51}},"2":{"start":{"line":3,"column":0},"end":{"line":3,"column":49}},"3":{"start":{"line":4,"column":0},"end":{"line":4,"column":97}},"4":{"start":{"line":5,"column":0},"end":{"line":5,"column":51}},"5":{"start":{"line":6,"column":0},"end":{"line":6,"column":47}},"6":{"start":{"line":10,"column":7},"end":{"line":151,"column":null}},"7":{"start":{"line":13,"column":12},"end":{"line":13,"column":35}},"8":{"start":{"line":15,"column":12},"end":{"line":15,"column":30}},"9":{"start":{"line":17,"column":12},"end":{"line":17,"column":28}},"10":{"start":{"line":18,"column":12},"end":{"line":18,"column":24}},"11":{"start":{"line":22,"column":36},"end":{"line":22,"column":52}},"12":{"start":{"line":25,"column":24},"end":{"line":31,"column":6}},"13":{"start":{"line":33,"column":29},"end":{"line":33,"column":79}},"14":{"start":{"line":35,"column":4},"end":{"line":41,"column":6}},"15":{"start":{"line":45,"column":25},"end":{"line":52,"column":6}},"16":{"start":{"line":54,"column":4},"end":{"line":66,"column":8}},"17":{"start":{"line":54,"column":44},"end":{"line":66,"column":6}},"18":{"start":{"line":71,"column":24},"end":{"line":71,"column":59}},"19":{"start":{"line":72,"column":4},"end":{"line":72,"column":32}},"20":{"start":{"line":73,"column":4},"end":{"line":73,"column":41}},"21":{"start":{"line":75,"column":4},"end":{"line":131,"column":5}},"22":{"start":{"line":77,"column":26},"end":{"line":84,"column":8}},"23":{"start":{"line":86,"column":6},"end":{"line":88,"column":7}},"24":{"start":{"line":87,"column":8},"end":{"line":87,"column":77}},"25":{"start":{"line":91,"column":19},"end":{"line":93,"column":8}},"26":{"start":{"line":95,"column":6},"end":{"line":102,"column":7}},"27":{"start":{"line":97,"column":8},"end":{"line":100,"column":11}},"28":{"start":{"line":101,"column":8},"end":{"line":101,"column":47}},"29":{"start":{"line":105,"column":6},"end":{"line":105,"column":55}},"30":{"start":{"line":106,"column":6},"end":{"line":106,"column":50}},"31":{"start":{"line":109,"column":6},"end":{"line":109,"column":75}},"32":{"start":{"line":110,"column":6},"end":{"line":110,"column":45}},"33":{"start":{"line":113,"column":6},"end":{"line":113,"column":44}},"34":{"start":{"line":115,"column":6},"end":{"line":123,"column":8}},"35":{"start":{"line":126,"column":6},"end":{"line":126,"column":46}},"36":{"start":{"line":127,"column":6},"end":{"line":127,"column":18}},"37":{"start":{"line":130,"column":6},"end":{"line":130,"column":34}},"38":{"start":{"line":135,"column":25},"end":{"line":141,"column":6}},"39":{"start":{"line":143,"column":4},"end":{"line":149,"column":8}},"40":{"start":{"line":143,"column":44},"end":{"line":149,"column":6}},"41":{"start":{"line":10,"column":13},"end":{"line":10,"column":27}},"42":{"start":{"line":10,"column":13},"end":{"line":151,"column":null}}},"fnMap":{"0":{"name":"(anonymous_4)","decl":{"start":{"line":11,"column":2},"end":{"line":11,"column":null}},"loc":{"start":{"line":18,"column":34},"end":{"line":19,"column":6}}},"1":{"name":"(anonymous_5)","decl":{"start":{"line":21,"column":2},"end":{"line":21,"column":7}},"loc":{"start":{"line":21,"column":79},"end":{"line":42,"column":3}}},"2":{"name":"(anonymous_6)","decl":{"start":{"line":44,"column":2},"end":{"line":44,"column":7}},"loc":{"start":{"line":44,"column":26},"end":{"line":67,"column":3}}},"3":{"name":"(anonymous_7)","decl":{"start":{"line":54,"column":28},"end":{"line":54,"column":39}},"loc":{"start":{"line":54,"column":44},"end":{"line":66,"column":6}}},"4":{"name":"(anonymous_8)","decl":{"start":{"line":69,"column":2},"end":{"line":69,"column":7}},"loc":{"start":{"line":69,"column":44},"end":{"line":132,"column":3}}},"5":{"name":"(anonymous_9)","decl":{"start":{"line":134,"column":2},"end":{"line":134,"column":7}},"loc":{"start":{"line":134,"column":38},"end":{"line":150,"column":3}}},"6":{"name":"(anonymous_10)","decl":{"start":{"line":143,"column":28},"end":{"line":143,"column":39}},"loc":{"start":{"line":143,"column":44},"end":{"line":149,"column":6}}}},"branchMap":{"0":{"loc":{"start":{"line":86,"column":6},"end":{"line":88,"column":7}},"type":"if","locations":[{"start":{"line":86,"column":6},"end":{"line":88,"column":7}},{"start":{},"end":{}}]},"1":{"loc":{"start":{"line":95,"column":6},"end":{"line":102,"column":7}},"type":"if","locations":[{"start":{"line":95,"column":6},"end":{"line":102,"column":7}},{"start":{},"end":{}}]},"2":{"loc":{"start":{"line":13,"column":35},"end":{"line":13,"column":58}},"type":"cond-expr","locations":[{"start":{"line":13,"column":45},"end":{"line":13,"column":58}},{"start":{"line":13,"column":45},"end":{"line":13,"column":58}}]},"3":{"loc":{"start":{"line":13,"column":35},"end":{"line":13,"column":45}},"type":"binary-expr","locations":[{"start":{"line":13,"column":35},"end":{"line":13,"column":58}},{"start":{"line":13,"column":35},"end":{"line":13,"column":45}}]},"4":{"loc":{"start":{"line":13,"column":45},"end":{"line":15,"column":48}},"type":"cond-expr","locations":[{"start":{"line":15,"column":40},"end":{"line":15,"column":48}},{"start":{"line":15,"column":40},"end":{"line":15,"column":48}}]},"5":{"loc":{"start":{"line":13,"column":45},"end":{"line":15,"column":40}},"type":"binary-expr","locations":[{"start":{"line":13,"column":45},"end":{"line":15,"column":48}},{"start":{"line":15,"column":30},"end":{"line":15,"column":40}}]},"6":{"loc":{"start":{"line":15,"column":40},"end":{"line":17,"column":44}},"type":"cond-expr","locations":[{"start":{"line":17,"column":38},"end":{"line":17,"column":44}},{"start":{"line":17,"column":38},"end":{"line":17,"column":44}}]},"7":{"loc":{"start":{"line":15,"column":40},"end":{"line":17,"column":38}},"type":"binary-expr","locations":[{"start":{"line":15,"column":40},"end":{"line":17,"column":44}},{"start":{"line":17,"column":28},"end":{"line":17,"column":38}}]},"8":{"loc":{"start":{"line":17,"column":38},"end":{"line":18,"column":null}},"type":"cond-expr","locations":[{"start":{"line":18,"column":34},"end":{"line":18,"column":null}},{"start":{"line":18,"column":34},"end":{"line":18,"column":null}}]},"9":{"loc":{"start":{"line":17,"column":38},"end":{"line":18,"column":34}},"type":"binary-expr","locations":[{"start":{"line":17,"column":38},"end":{"line":18,"column":null}},{"start":{"line":18,"column":24},"end":{"line":18,"column":34}}]}},"s":{"0":1,"1":1,"2":1,"3":1,"4":1,"5":1,"6":1,"7":6,"8":6,"9":6,"10":6,"11":1,"12":1,"13":1,"14":1,"15":1,"16":1,"17":1,"18":3,"19":3,"20":3,"21":3,"22":3,"23":3,"24":1,"25":2,"26":2,"27":1,"28":1,"29":2,"30":2,"31":2,"32":2,"33":2,"34":2,"35":1,"36":1,"37":3,"38":1,"39":1,"40":1,"41":1,"42":1},"f":{"0":6,"1":1,"2":1,"3":1,"4":3,"5":1,"6":1},"b":{"0":[1,2],"1":[1,1],"2":[1,0],"3":[1,1],"4":[1,0],"5":[1,1],"6":[1,0],"7":[1,1],"8":[1,0],"9":[1,1]}}
,"C:\\Users\\doddy\\Documents\\personal\\ewallet-starwork\\ewallet-api\\src\\dto\\auth.dto.ts": {"path":"C:\\Users\\doddy\\Documents\\personal\\ewallet-starwork\\ewallet-api\\src\\dto\\auth.dto.ts","statementMap":{"0":{"start":{"line":1,"column":0},"end":{"line":1,"column":75}},"1":{"start":{"line":3,"column":0},"end":{"line":3,"column":13}},"2":{"start":{"line":6,"column":2},"end":{"line":6,"column":null}},"3":{"start":{"line":10,"column":2},"end":{"line":10,"column":null}},"4":{"start":{"line":14,"column":2},"end":{"line":14,"column":null}},"5":{"start":{"line":18,"column":2},"end":{"line":18,"column":null}},"6":{"start":{"line":21,"column":0},"end":{"line":21,"column":13}},"7":{"start":{"line":24,"column":2},"end":{"line":24,"column":null}},"8":{"start":{"line":28,"column":2},"end":{"line":28,"column":null}},"9":{"start":{"line":31,"column":0},"end":{"line":31,"column":13}}},"fnMap":{},"branchMap":{},"s":{"0":0,"1":0,"2":0,"3":0,"4":0,"5":0,"6":0,"7":0,"8":0,"9":0},"f":{},"b":{}}
,"C:\\Users\\doddy\\Documents\\personal\\ewallet-starwork\\ewallet-api\\src\\dto\\deposit.dto.ts": {"path":"C:\\Users\\doddy\\Documents\\personal\\ewallet-starwork\\ewallet-api\\src\\dto\\deposit.dto.ts","statementMap":{"0":{"start":{"line":1,"column":0},"end":{"line":1,"column":82}},"1":{"start":{"line":3,"column":0},"end":{"line":3,"column":13}},"2":{"start":{"line":7,"column":2},"end":{"line":7,"column":null}},"3":{"start":{"line":11,"column":2},"end":{"line":11,"column":null}},"4":{"start":{"line":14,"column":0},"end":{"line":14,"column":13}},"5":{"start":{"line":16,"column":2},"end":{"line":16,"column":null}},"6":{"start":{"line":19,"column":0},"end":{"line":19,"column":13}},"7":{"start":{"line":27,"column":0},"end":{"line":27,"column":13}}},"fnMap":{},"branchMap":{},"s":{"0":0,"1":0,"2":0,"3":0,"4":0,"5":0,"6":0,"7":0},"f":{},"b":{}}
,"C:\\Users\\doddy\\Documents\\personal\\ewallet-starwork\\ewallet-api\\src\\dto\\wallet.dto.ts": {"path":"C:\\Users\\doddy\\Documents\\personal\\ewallet-starwork\\ewallet-api\\src\\dto\\wallet.dto.ts","statementMap":{"0":{"start":{"line":1,"column":0},"end":{"line":1,"column":99}},"1":{"start":{"line":3,"column":0},"end":{"line":3,"column":13}},"2":{"start":{"line":5,"column":2},"end":{"line":5,"column":null}},"3":{"start":{"line":10,"column":2},"end":{"line":10,"column":null}},"4":{"start":{"line":14,"column":2},"end":{"line":14,"column":null}},"5":{"start":{"line":17,"column":0},"end":{"line":17,"column":13}},"6":{"start":{"line":21,"column":2},"end":{"line":21,"column":null}},"7":{"start":{"line":25,"column":2},"end":{"line":25,"column":null}},"8":{"start":{"line":28,"column":0},"end":{"line":28,"column":13}},"9":{"start":{"line":39,"column":0},"end":{"line":39,"column":13}},"10":{"start":{"line":56,"column":0},"end":{"line":56,"column":13}}},"fnMap":{},"branchMap":{},"s":{"0":0,"1":0,"2":0,"3":0,"4":0,"5":0,"6":0,"7":0,"8":0,"9":0,"10":0},"f":{},"b":{}}
,"C:\\Users\\doddy\\Documents\\personal\\ewallet-starwork\\ewallet-api\\src\\entities\\session.entity.ts": {"path":"C:\\Users\\doddy\\Documents\\personal\\ewallet-starwork\\ewallet-api\\src\\entities\\session.entity.ts","statementMap":{"0":{"start":{"line":1,"column":0},"end":{"line":1,"column":106}},"1":{"start":{"line":2,"column":0},"end":{"line":2,"column":37}},"2":{"start":{"line":5,"column":7},"end":{"line":33,"column":null}},"3":{"start":{"line":5,"column":13},"end":{"line":5,"column":20}},"4":{"start":{"line":7,"column":2},"end":{"line":7,"column":null}},"5":{"start":{"line":10,"column":2},"end":{"line":10,"column":null}},"6":{"start":{"line":14,"column":2},"end":{"line":14,"column":null}},"7":{"start":{"line":12,"column":19},"end":{"line":12,"column":23}},"8":{"start":{"line":12,"column":33},"end":{"line":12,"column":46}},"9":{"start":{"line":17,"column":2},"end":{"line":17,"column":null}},"10":{"start":{"line":20,"column":2},"end":{"line":20,"column":null}},"11":{"start":{"line":23,"column":2},"end":{"line":23,"column":null}},"12":{"start":{"line":26,"column":2},"end":{"line":26,"column":null}},"13":{"start":{"line":29,"column":2},"end":{"line":29,"column":null}},"14":{"start":{"line":32,"column":2},"end":{"line":32,"column":null}},"15":{"start":{"line":5,"column":13},"end":{"line":33,"column":null}}},"fnMap":{"0":{"name":"(anonymous_2)","decl":{"start":{"line":12,"column":13},"end":{"line":12,"column":16}},"loc":{"start":{"line":12,"column":19},"end":{"line":12,"column":23}}},"1":{"name":"(anonymous_3)","decl":{"start":{"line":12,"column":25},"end":{"line":12,"column":29}},"loc":{"start":{"line":12,"column":33},"end":{"line":12,"column":46}}}},"branchMap":{"0":{"loc":{"start":{"line":14,"column":8},"end":{"line":14,"column":13}},"type":"cond-expr","locations":[{"start":{"line":14,"column":12},"end":{"line":14,"column":13}},{"start":{"line":14,"column":12},"end":{"line":14,"column":13}}]},"1":{"loc":{"start":{"line":14,"column":8},"end":{"line":14,"column":12}},"type":"binary-expr","locations":[{"start":{"line":14,"column":8},"end":{"line":14,"column":13}},{"start":{"line":14,"column":8},"end":{"line":14,"column":12}}]},"2":{"loc":{"start":{"line":29,"column":13},"end":{"line":29,"column":18}},"type":"cond-expr","locations":[{"start":{"line":29,"column":17},"end":{"line":29,"column":18}},{"start":{"line":29,"column":17},"end":{"line":29,"column":18}}]},"3":{"loc":{"start":{"line":29,"column":13},"end":{"line":29,"column":17}},"type":"binary-expr","locations":[{"start":{"line":29,"column":13},"end":{"line":29,"column":18}},{"start":{"line":29,"column":13},"end":{"line":29,"column":17}}]},"4":{"loc":{"start":{"line":32,"column":14},"end":{"line":32,"column":19}},"type":"cond-expr","locations":[{"start":{"line":32,"column":18},"end":{"line":32,"column":19}},{"start":{"line":32,"column":18},"end":{"line":32,"column":19}}]},"5":{"loc":{"start":{"line":32,"column":14},"end":{"line":32,"column":18}},"type":"binary-expr","locations":[{"start":{"line":32,"column":14},"end":{"line":32,"column":19}},{"start":{"line":32,"column":14},"end":{"line":32,"column":18}}]}},"s":{"0":4,"1":4,"2":4,"3":4,"4":4,"5":4,"6":4,"7":0,"8":0,"9":4,"10":4,"11":4,"12":4,"13":4,"14":4,"15":4},"f":{"0":0,"1":0},"b":{"0":[0,4],"1":[4,0],"2":[4,0],"3":[4,4],"4":[4,0],"5":[4,4]}}
,"C:\\Users\\doddy\\Documents\\personal\\ewallet-starwork\\ewallet-api\\src\\entities\\transaction.entity.ts": {"path":"C:\\Users\\doddy\\Documents\\personal\\ewallet-starwork\\ewallet-api\\src\\entities\\transaction.entity.ts","statementMap":{"0":{"start":{"line":1,"column":0},"end":{"line":1,"column":124}},"1":{"start":{"line":2,"column":0},"end":{"line":2,"column":37}},"2":{"start":{"line":4,"column":0},"end":{"line":4,"column":null}},"3":{"start":{"line":5,"column":2},"end":{"line":5,"column":null}},"4":{"start":{"line":6,"column":2},"end":{"line":6,"column":null}},"5":{"start":{"line":7,"column":2},"end":{"line":7,"column":null}},"6":{"start":{"line":10,"column":0},"end":{"line":10,"column":null}},"7":{"start":{"line":11,"column":2},"end":{"line":11,"column":null}},"8":{"start":{"line":12,"column":2},"end":{"line":12,"column":null}},"9":{"start":{"line":13,"column":2},"end":{"line":13,"column":null}},"10":{"start":{"line":17,"column":7},"end":{"line":59,"column":null}},"11":{"start":{"line":17,"column":13},"end":{"line":17,"column":24}},"12":{"start":{"line":19,"column":2},"end":{"line":19,"column":null}},"13":{"start":{"line":25,"column":2},"end":{"line":25,"column":null}},"14":{"start":{"line":32,"column":2},"end":{"line":32,"column":null}},"15":{"start":{"line":35,"column":2},"end":{"line":35,"column":null}},"16":{"start":{"line":38,"column":2},"end":{"line":38,"column":null}},"17":{"start":{"line":41,"column":2},"end":{"line":41,"column":null}},"18":{"start":{"line":45,"column":2},"end":{"line":45,"column":null}},"19":{"start":{"line":43,"column":19},"end":{"line":43,"column":23}},"20":{"start":{"line":43,"column":33},"end":{"line":43,"column":50}},"21":{"start":{"line":48,"column":2},"end":{"line":48,"column":null}},"22":{"start":{"line":52,"column":2},"end":{"line":52,"column":null}},"23":{"start":{"line":50,"column":19},"end":{"line":50,"column":23}},"24":{"start":{"line":55,"column":2},"end":{"line":55,"column":null}},"25":{"start":{"line":58,"column":2},"end":{"line":58,"column":null}},"26":{"start":{"line":17,"column":13},"end":{"line":59,"column":null}}},"fnMap":{"0":{"name":"(anonymous_2)","decl":{"start":{"line":4,"column":0},"end":{"line":4,"column":12}},"loc":{"start":{"line":4,"column":27},"end":{"line":8,"column":1}}},"1":{"name":"(anonymous_3)","decl":{"start":{"line":10,"column":0},"end":{"line":10,"column":12}},"loc":{"start":{"line":10,"column":29},"end":{"line":14,"column":1}}},"2":{"name":"(anonymous_4)","decl":{"start":{"line":43,"column":13},"end":{"line":43,"column":16}},"loc":{"start":{"line":43,"column":19},"end":{"line":43,"column":23}}},"3":{"name":"(anonymous_5)","decl":{"start":{"line":43,"column":25},"end":{"line":43,"column":29}},"loc":{"start":{"line":43,"column":33},"end":{"line":43,"column":50}}},"4":{"name":"(anonymous_6)","decl":{"start":{"line":50,"column":13},"end":{"line":50,"column":16}},"loc":{"start":{"line":50,"column":19},"end":{"line":50,"column":23}}}},"branchMap":{"0":{"loc":{"start":{"line":4,"column":12},"end":{"line":4,"column":null}},"type":"binary-expr","locations":[{"start":{"line":4,"column":12},"end":{"line":4,"column":27}},{"start":{"line":4,"column":27},"end":{"line":4,"column":null}}]},"1":{"loc":{"start":{"line":10,"column":12},"end":{"line":10,"column":null}},"type":"binary-expr","locations":[{"start":{"line":10,"column":12},"end":{"line":10,"column":29}},{"start":{"line":10,"column":29},"end":{"line":10,"column":null}}]},"2":{"loc":{"start":{"line":45,"column":8},"end":{"line":45,"column":13}},"type":"cond-expr","locations":[{"start":{"line":45,"column":12},"end":{"line":45,"column":13}},{"start":{"line":45,"column":12},"end":{"line":45,"column":13}}]},"3":{"loc":{"start":{"line":45,"column":8},"end":{"line":45,"column":12}},"type":"binary-expr","locations":[{"start":{"line":45,"column":8},"end":{"line":45,"column":13}},{"start":{"line":45,"column":8},"end":{"line":45,"column":12}}]},"4":{"loc":{"start":{"line":52,"column":13},"end":{"line":52,"column":18}},"type":"cond-expr","locations":[{"start":{"line":52,"column":17},"end":{"line":52,"column":18}},{"start":{"line":52,"column":17},"end":{"line":52,"column":18}}]},"5":{"loc":{"start":{"line":52,"column":13},"end":{"line":52,"column":17}},"type":"binary-expr","locations":[{"start":{"line":52,"column":13},"end":{"line":52,"column":18}},{"start":{"line":52,"column":13},"end":{"line":52,"column":17}}]},"6":{"loc":{"start":{"line":55,"column":13},"end":{"line":55,"column":18}},"type":"cond-expr","locations":[{"start":{"line":55,"column":17},"end":{"line":55,"column":18}},{"start":{"line":55,"column":17},"end":{"line":55,"column":18}}]},"7":{"loc":{"start":{"line":55,"column":13},"end":{"line":55,"column":17}},"type":"binary-expr","locations":[{"start":{"line":55,"column":13},"end":{"line":55,"column":18}},{"start":{"line":55,"column":13},"end":{"line":55,"column":17}}]},"8":{"loc":{"start":{"line":58,"column":13},"end":{"line":58,"column":18}},"type":"cond-expr","locations":[{"start":{"line":58,"column":17},"end":{"line":58,"column":18}},{"start":{"line":58,"column":17},"end":{"line":58,"column":18}}]},"9":{"loc":{"start":{"line":58,"column":13},"end":{"line":58,"column":17}},"type":"binary-expr","locations":[{"start":{"line":58,"column":13},"end":{"line":58,"column":18}},{"start":{"line":58,"column":13},"end":{"line":58,"column":17}}]}},"s":{"0":4,"1":4,"2":4,"3":4,"4":4,"5":4,"6":4,"7":4,"8":4,"9":4,"10":4,"11":4,"12":4,"13":4,"14":4,"15":4,"16":4,"17":4,"18":4,"19":0,"20":0,"21":4,"22":4,"23":0,"24":4,"25":4,"26":4},"f":{"0":4,"1":4,"2":0,"3":0,"4":0},"b":{"0":[4,4],"1":[4,4],"2":[2,2],"3":[4,2],"4":[2,2],"5":[4,2],"6":[4,0],"7":[4,4],"8":[4,0],"9":[4,4]}}
,"C:\\Users\\doddy\\Documents\\personal\\ewallet-starwork\\ewallet-api\\src\\entities\\user.entity.ts": {"path":"C:\\Users\\doddy\\Documents\\personal\\ewallet-starwork\\ewallet-api\\src\\entities\\user.entity.ts","statementMap":{"0":{"start":{"line":1,"column":0},"end":{"line":1,"column":112}},"1":{"start":{"line":2,"column":0},"end":{"line":2,"column":51}},"2":{"start":{"line":3,"column":0},"end":{"line":3,"column":41}},"3":{"start":{"line":4,"column":0},"end":{"line":4,"column":43}},"4":{"start":{"line":6,"column":0},"end":{"line":6,"column":null}},"5":{"start":{"line":7,"column":2},"end":{"line":7,"column":null}},"6":{"start":{"line":8,"column":2},"end":{"line":8,"column":null}},"7":{"start":{"line":12,"column":7},"end":{"line":52,"column":null}},"8":{"start":{"line":12,"column":13},"end":{"line":12,"column":17}},"9":{"start":{"line":14,"column":2},"end":{"line":14,"column":null}},"10":{"start":{"line":17,"column":2},"end":{"line":17,"column":null}},"11":{"start":{"line":20,"column":2},"end":{"line":20,"column":null}},"12":{"start":{"line":23,"column":2},"end":{"line":23,"column":null}},"13":{"start":{"line":26,"column":2},"end":{"line":26,"column":null}},"14":{"start":{"line":33,"column":2},"end":{"line":33,"column":null}},"15":{"start":{"line":36,"column":2},"end":{"line":36,"column":null}},"16":{"start":{"line":39,"column":2},"end":{"line":39,"column":null}},"17":{"start":{"line":42,"column":2},"end":{"line":42,"column":null}},"18":{"start":{"line":45,"column":2},"end":{"line":45,"column":null}},"19":{"start":{"line":44,"column":19},"end":{"line":44,"column":30}},"20":{"start":{"line":44,"column":47},"end":{"line":44,"column":63}},"21":{"start":{"line":48,"column":2},"end":{"line":48,"column":null}},"22":{"start":{"line":47,"column":19},"end":{"line":47,"column":25}},"23":{"start":{"line":47,"column":37},"end":{"line":47,"column":48}},"24":{"start":{"line":51,"column":2},"end":{"line":51,"column":null}},"25":{"start":{"line":50,"column":19},"end":{"line":50,"column":26}},"26":{"start":{"line":50,"column":39},"end":{"line":50,"column":51}},"27":{"start":{"line":12,"column":13},"end":{"line":52,"column":null}}},"fnMap":{"0":{"name":"(anonymous_2)","decl":{"start":{"line":6,"column":0},"end":{"line":6,"column":12}},"loc":{"start":{"line":6,"column":20},"end":{"line":9,"column":1}}},"1":{"name":"(anonymous_3)","decl":{"start":{"line":44,"column":13},"end":{"line":44,"column":16}},"loc":{"start":{"line":44,"column":19},"end":{"line":44,"column":30}}},"2":{"name":"(anonymous_4)","decl":{"start":{"line":44,"column":32},"end":{"line":44,"column":43}},"loc":{"start":{"line":44,"column":47},"end":{"line":44,"column":63}}},"3":{"name":"(anonymous_5)","decl":{"start":{"line":47,"column":13},"end":{"line":47,"column":16}},"loc":{"start":{"line":47,"column":19},"end":{"line":47,"column":25}}},"4":{"name":"(anonymous_6)","decl":{"start":{"line":47,"column":27},"end":{"line":47,"column":33}},"loc":{"start":{"line":47,"column":37},"end":{"line":47,"column":48}}},"5":{"name":"(anonymous_7)","decl":{"start":{"line":50,"column":13},"end":{"line":50,"column":16}},"loc":{"start":{"line":50,"column":19},"end":{"line":50,"column":26}}},"6":{"name":"(anonymous_8)","decl":{"start":{"line":50,"column":28},"end":{"line":50,"column":35}},"loc":{"start":{"line":50,"column":39},"end":{"line":50,"column":51}}}},"branchMap":{"0":{"loc":{"start":{"line":6,"column":12},"end":{"line":6,"column":null}},"type":"binary-expr","locations":[{"start":{"line":6,"column":12},"end":{"line":6,"column":20}},{"start":{"line":6,"column":20},"end":{"line":6,"column":null}}]},"1":{"loc":{"start":{"line":39,"column":13},"end":{"line":39,"column":18}},"type":"cond-expr","locations":[{"start":{"line":39,"column":17},"end":{"line":39,"column":18}},{"start":{"line":39,"column":17},"end":{"line":39,"column":18}}]},"2":{"loc":{"start":{"line":39,"column":13},"end":{"line":39,"column":17}},"type":"binary-expr","locations":[{"start":{"line":39,"column":13},"end":{"line":39,"column":18}},{"start":{"line":39,"column":13},"end":{"line":39,"column":17}}]},"3":{"loc":{"start":{"line":42,"column":13},"end":{"line":42,"column":18}},"type":"cond-expr","locations":[{"start":{"line":42,"column":17},"end":{"line":42,"column":18}},{"start":{"line":42,"column":17},"end":{"line":42,"column":18}}]},"4":{"loc":{"start":{"line":42,"column":13},"end":{"line":42,"column":17}},"type":"binary-expr","locations":[{"start":{"line":42,"column":13},"end":{"line":42,"column":18}},{"start":{"line":42,"column":13},"end":{"line":42,"column":17}}]}},"s":{"0":4,"1":4,"2":4,"3":4,"4":4,"5":4,"6":4,"7":4,"8":4,"9":4,"10":4,"11":4,"12":4,"13":4,"14":4,"15":4,"16":4,"17":4,"18":4,"19":0,"20":0,"21":4,"22":0,"23":0,"24":4,"25":0,"26":0,"27":4},"f":{"0":4,"1":0,"2":0,"3":0,"4":0,"5":0,"6":0},"b":{"0":[4,4],"1":[4,0],"2":[4,4],"3":[4,0],"4":[4,4]}}
,"C:\\Users\\doddy\\Documents\\personal\\ewallet-starwork\\ewallet-api\\src\\entities\\wallet.entity.ts": {"path":"C:\\Users\\doddy\\Documents\\personal\\ewallet-starwork\\ewallet-api\\src\\entities\\wallet.entity.ts","statementMap":{"0":{"start":{"line":1,"column":0},"end":{"line":1,"column":124}},"1":{"start":{"line":2,"column":0},"end":{"line":2,"column":37}},"2":{"start":{"line":5,"column":7},"end":{"line":24,"column":null}},"3":{"start":{"line":5,"column":13},"end":{"line":5,"column":19}},"4":{"start":{"line":7,"column":2},"end":{"line":7,"column":null}},"5":{"start":{"line":10,"column":2},"end":{"line":10,"column":null}},"6":{"start":{"line":13,"column":2},"end":{"line":13,"column":null}},"7":{"start":{"line":17,"column":2},"end":{"line":17,"column":null}},"8":{"start":{"line":15,"column":19},"end":{"line":15,"column":23}},"9":{"start":{"line":15,"column":33},"end":{"line":15,"column":45}},"10":{"start":{"line":20,"column":2},"end":{"line":20,"column":null}},"11":{"start":{"line":23,"column":2},"end":{"line":23,"column":null}},"12":{"start":{"line":5,"column":13},"end":{"line":24,"column":null}}},"fnMap":{"0":{"name":"(anonymous_2)","decl":{"start":{"line":15,"column":13},"end":{"line":15,"column":16}},"loc":{"start":{"line":15,"column":19},"end":{"line":15,"column":23}}},"1":{"name":"(anonymous_3)","decl":{"start":{"line":15,"column":25},"end":{"line":15,"column":29}},"loc":{"start":{"line":15,"column":33},"end":{"line":15,"column":45}}}},"branchMap":{"0":{"loc":{"start":{"line":17,"column":8},"end":{"line":17,"column":13}},"type":"cond-expr","locations":[{"start":{"line":17,"column":12},"end":{"line":17,"column":13}},{"start":{"line":17,"column":12},"end":{"line":17,"column":13}}]},"1":{"loc":{"start":{"line":17,"column":8},"end":{"line":17,"column":12}},"type":"binary-expr","locations":[{"start":{"line":17,"column":8},"end":{"line":17,"column":13}},{"start":{"line":17,"column":8},"end":{"line":17,"column":12}}]},"2":{"loc":{"start":{"line":20,"column":13},"end":{"line":20,"column":18}},"type":"cond-expr","locations":[{"start":{"line":20,"column":17},"end":{"line":20,"column":18}},{"start":{"line":20,"column":17},"end":{"line":20,"column":18}}]},"3":{"loc":{"start":{"line":20,"column":13},"end":{"line":20,"column":17}},"type":"binary-expr","locations":[{"start":{"line":20,"column":13},"end":{"line":20,"column":18}},{"start":{"line":20,"column":13},"end":{"line":20,"column":17}}]},"4":{"loc":{"start":{"line":23,"column":13},"end":{"line":23,"column":18}},"type":"cond-expr","locations":[{"start":{"line":23,"column":17},"end":{"line":23,"column":18}},{"start":{"line":23,"column":17},"end":{"line":23,"column":18}}]},"5":{"loc":{"start":{"line":23,"column":13},"end":{"line":23,"column":17}},"type":"binary-expr","locations":[{"start":{"line":23,"column":13},"end":{"line":23,"column":18}},{"start":{"line":23,"column":13},"end":{"line":23,"column":17}}]}},"s":{"0":4,"1":4,"2":4,"3":4,"4":4,"5":4,"6":4,"7":4,"8":0,"9":0,"10":4,"11":4,"12":4},"f":{"0":0,"1":0},"b":{"0":[0,4],"1":[4,0],"2":[4,0],"3":[4,4],"4":[4,0],"5":[4,4]}}
,"C:\\Users\\doddy\\Documents\\personal\\ewallet-starwork\\ewallet-api\\src\\seeder\\seeder.module.ts": {"path":"C:\\Users\\doddy\\Documents\\personal\\ewallet-starwork\\ewallet-api\\src\\seeder\\seeder.module.ts","statementMap":{"0":{"start":{"line":1,"column":0},"end":{"line":1,"column":40}},"1":{"start":{"line":2,"column":0},"end":{"line":2,"column":49}},"2":{"start":{"line":3,"column":0},"end":{"line":3,"column":49}},"3":{"start":{"line":10,"column":7},"end":{"line":10,"column":null}},"4":{"start":{"line":10,"column":13},"end":{"line":10,"column":25}},"5":{"start":{"line":10,"column":13},"end":{"line":10,"column":null}}},"fnMap":{},"branchMap":{},"s":{"0":0,"1":0,"2":0,"3":0,"4":0,"5":0},"f":{},"b":{}}
,"C:\\Users\\doddy\\Documents\\personal\\ewallet-starwork\\ewallet-api\\src\\seeder\\seeder.service.ts": {"path":"C:\\Users\\doddy\\Documents\\personal\\ewallet-starwork\\ewallet-api\\src\\seeder\\seeder.service.ts","statementMap":{"0":{"start":{"line":1,"column":0},"end":{"line":1,"column":52}},"1":{"start":{"line":2,"column":0},"end":{"line":2,"column":51}},"2":{"start":{"line":6,"column":26},"end":{"line":33,"column":null}},"3":{"start":{"line":7,"column":28},"end":{"line":7,"column":58}},"4":{"start":{"line":9,"column":31},"end":{"line":9,"column":44}},"5":{"start":{"line":12,"column":4},"end":{"line":31,"column":5}},"6":{"start":{"line":14,"column":28},"end":{"line":14,"column":83}},"7":{"start":{"line":15,"column":6},"end":{"line":18,"column":7}},"8":{"start":{"line":16,"column":8},"end":{"line":16,"column":53}},"9":{"start":{"line":17,"column":8},"end":{"line":17,"column":15}},"10":{"start":{"line":21,"column":6},"end":{"line":26,"column":8}},"11":{"start":{"line":28,"column":6},"end":{"line":28,"column":57}},"12":{"start":{"line":30,"column":6},"end":{"line":30,"column":60}},"13":{"start":{"line":6,"column":13},"end":{"line":6,"column":26}},"14":{"start":{"line":6,"column":13},"end":{"line":33,"column":null}}},"fnMap":{"0":{"name":"(anonymous_2)","decl":{"start":{"line":9,"column":2},"end":{"line":9,"column":31}},"loc":{"start":{"line":9,"column":55},"end":{"line":9,"column":59}}},"1":{"name":"(anonymous_3)","decl":{"start":{"line":11,"column":2},"end":{"line":11,"column":7}},"loc":{"start":{"line":11,"column":17},"end":{"line":32,"column":3}}}},"branchMap":{"0":{"loc":{"start":{"line":15,"column":6},"end":{"line":18,"column":7}},"type":"if","locations":[{"start":{"line":15,"column":6},"end":{"line":18,"column":7}},{"start":{},"end":{}}]},"1":{"loc":{"start":{"line":9,"column":44},"end":{"line":9,"column":58}},"type":"cond-expr","locations":[{"start":{"line":9,"column":55},"end":{"line":9,"column":58}},{"start":{"line":9,"column":55},"end":{"line":9,"column":58}}]},"2":{"loc":{"start":{"line":9,"column":44},"end":{"line":9,"column":55}},"type":"binary-expr","locations":[{"start":{"line":9,"column":44},"end":{"line":9,"column":58}},{"start":{"line":9,"column":44},"end":{"line":9,"column":55}}]}},"s":{"0":0,"1":0,"2":0,"3":0,"4":0,"5":0,"6":0,"7":0,"8":0,"9":0,"10":0,"11":0,"12":0,"13":0,"14":0},"f":{"0":0,"1":0},"b":{"0":[0,0],"1":[0,0],"2":[0,0]}}
,"C:\\Users\\doddy\\Documents\\personal\\ewallet-starwork\\ewallet-api\\src\\session\\session.module.ts": {"path":"C:\\Users\\doddy\\Documents\\personal\\ewallet-starwork\\ewallet-api\\src\\session\\session.module.ts","statementMap":{"0":{"start":{"line":1,"column":0},"end":{"line":1,"column":40}},"1":{"start":{"line":2,"column":0},"end":{"line":2,"column":48}},"2":{"start":{"line":3,"column":0},"end":{"line":3,"column":51}},"3":{"start":{"line":4,"column":0},"end":{"line":4,"column":53}},"4":{"start":{"line":5,"column":0},"end":{"line":5,"column":47}},"5":{"start":{"line":12,"column":7},"end":{"line":12,"column":null}},"6":{"start":{"line":12,"column":13},"end":{"line":12,"column":26}},"7":{"start":{"line":12,"column":13},"end":{"line":12,"column":null}}},"fnMap":{},"branchMap":{},"s":{"0":0,"1":0,"2":0,"3":0,"4":0,"5":0,"6":0,"7":0},"f":{},"b":{}}
,"C:\\Users\\doddy\\Documents\\personal\\ewallet-starwork\\ewallet-api\\src\\session\\session.service.ts": {"path":"C:\\Users\\doddy\\Documents\\personal\\ewallet-starwork\\ewallet-api\\src\\session\\session.service.ts","statementMap":{"0":{"start":{"line":1,"column":0},"end":{"line":1,"column":44}},"1":{"start":{"line":2,"column":0},"end":{"line":2,"column":51}},"2":{"start":{"line":3,"column":0},"end":{"line":3,"column":37}},"3":{"start":{"line":4,"column":0},"end":{"line":4,"column":53}},"4":{"start":{"line":5,"column":0},"end":{"line":5,"column":47}},"5":{"start":{"line":8,"column":7},"end":{"line":87,"column":null}},"6":{"start":{"line":11,"column":12},"end":{"line":11,"column":31}},"7":{"start":{"line":13,"column":12},"end":{"line":13,"column":28}},"8":{"start":{"line":23,"column":4},"end":{"line":23,"column":46}},"9":{"start":{"line":26,"column":20},"end":{"line":33,"column":6}},"10":{"start":{"line":35,"column":4},"end":{"line":35,"column":48}},"11":{"start":{"line":39,"column":4},"end":{"line":42,"column":6}},"12":{"start":{"line":46,"column":20},"end":{"line":49,"column":6}},"13":{"start":{"line":51,"column":4},"end":{"line":55,"column":5}},"14":{"start":{"line":53,"column":6},"end":{"line":53,"column":38}},"15":{"start":{"line":54,"column":6},"end":{"line":54,"column":49}},"16":{"start":{"line":57,"column":4},"end":{"line":57,"column":19}},"17":{"start":{"line":61,"column":4},"end":{"line":64,"column":6}},"18":{"start":{"line":68,"column":4},"end":{"line":71,"column":7}},"19":{"start":{"line":76,"column":24},"end":{"line":76,"column":34}},"20":{"start":{"line":77,"column":4},"end":{"line":77,"column":54}},"21":{"start":{"line":79,"column":4},"end":{"line":85,"column":6}},"22":{"start":{"line":8,"column":13},"end":{"line":8,"column":27}},"23":{"start":{"line":8,"column":13},"end":{"line":87,"column":null}}},"fnMap":{"0":{"name":"(anonymous_4)","decl":{"start":{"line":9,"column":2},"end":{"line":9,"column":null}},"loc":{"start":{"line":13,"column":44},"end":{"line":14,"column":6}}},"1":{"name":"(anonymous_5)","decl":{"start":{"line":16,"column":2},"end":{"line":16,"column":7}},"loc":{"start":{"line":20,"column":22},"end":{"line":36,"column":3}}},"2":{"name":"(anonymous_6)","decl":{"start":{"line":38,"column":2},"end":{"line":38,"column":7}},"loc":{"start":{"line":38,"column":45},"end":{"line":43,"column":3}}},"3":{"name":"(anonymous_7)","decl":{"start":{"line":45,"column":2},"end":{"line":45,"column":7}},"loc":{"start":{"line":45,"column":37},"end":{"line":58,"column":3}}},"4":{"name":"(anonymous_8)","decl":{"start":{"line":60,"column":2},"end":{"line":60,"column":7}},"loc":{"start":{"line":60,"column":39},"end":{"line":65,"column":3}}},"5":{"name":"(anonymous_9)","decl":{"start":{"line":67,"column":2},"end":{"line":67,"column":7}},"loc":{"start":{"line":67,"column":44},"end":{"line":72,"column":3}}},"6":{"name":"(anonymous_10)","decl":{"start":{"line":74,"column":2},"end":{"line":74,"column":7}},"loc":{"start":{"line":74,"column":30},"end":{"line":86,"column":3}}}},"branchMap":{"0":{"loc":{"start":{"line":51,"column":4},"end":{"line":55,"column":5}},"type":"if","locations":[{"start":{"line":51,"column":4},"end":{"line":55,"column":5}},{"start":{},"end":{}}]},"1":{"loc":{"start":{"line":11,"column":31},"end":{"line":11,"column":50}},"type":"cond-expr","locations":[{"start":{"line":11,"column":41},"end":{"line":11,"column":50}},{"start":{"line":11,"column":41},"end":{"line":11,"column":50}}]},"2":{"loc":{"start":{"line":11,"column":31},"end":{"line":11,"column":41}},"type":"binary-expr","locations":[{"start":{"line":11,"column":31},"end":{"line":11,"column":50}},{"start":{"line":11,"column":31},"end":{"line":11,"column":41}}]},"3":{"loc":{"start":{"line":11,"column":41},"end":{"line":13,"column":44}},"type":"cond-expr","locations":[{"start":{"line":13,"column":38},"end":{"line":13,"column":44}},{"start":{"line":13,"column":38},"end":{"line":13,"column":44}}]},"4":{"loc":{"start":{"line":11,"column":41},"end":{"line":13,"column":38}},"type":"binary-expr","locations":[{"start":{"line":11,"column":41},"end":{"line":13,"column":44}},{"start":{"line":13,"column":28},"end":{"line":13,"column":38}}]}},"s":{"0":1,"1":1,"2":1,"3":1,"4":1,"5":1,"6":0,"7":0,"8":0,"9":0,"10":0,"11":0,"12":0,"13":0,"14":0,"15":0,"16":0,"17":0,"18":0,"19":0,"20":0,"21":0,"22":1,"23":1},"f":{"0":0,"1":0,"2":0,"3":0,"4":0,"5":0,"6":0},"b":{"0":[0,0],"1":[1,0],"2":[1,1],"3":[1,0],"4":[1,1]}}
,"C:\\Users\\doddy\\Documents\\personal\\ewallet-starwork\\ewallet-api\\src\\user\\user.controller.ts": {"path":"C:\\Users\\doddy\\Documents\\personal\\ewallet-starwork\\ewallet-api\\src\\user\\user.controller.ts","statementMap":{"0":{"start":{"line":1,"column":0},"end":{"line":1,"column":94}},"1":{"start":{"line":2,"column":0},"end":{"line":2,"column":45}},"2":{"start":{"line":3,"column":0},"end":{"line":3,"column":63}},"3":{"start":{"line":4,"column":0},"end":{"line":4,"column":54}},"4":{"start":{"line":5,"column":0},"end":{"line":5,"column":49}},"5":{"start":{"line":6,"column":0},"end":{"line":6,"column":48}},"6":{"start":{"line":7,"column":0},"end":{"line":7,"column":51}},"7":{"start":{"line":10,"column":7},"end":{"line":40,"column":null}},"8":{"start":{"line":11,"column":31},"end":{"line":11,"column":44}},"9":{"start":{"line":16,"column":17},"end":{"line":16,"column":59}},"10":{"start":{"line":18,"column":4},"end":{"line":27,"column":6}},"11":{"start":{"line":34,"column":18},"end":{"line":34,"column":54}},"12":{"start":{"line":35,"column":4},"end":{"line":38,"column":6}},"13":{"start":{"line":10,"column":13},"end":{"line":10,"column":27}},"14":{"start":{"line":15,"column":8},"end":{"line":28,"column":null}},"15":{"start":{"line":33,"column":8},"end":{"line":39,"column":null}},"16":{"start":{"line":10,"column":13},"end":{"line":40,"column":null}}},"fnMap":{"0":{"name":"(anonymous_4)","decl":{"start":{"line":11,"column":2},"end":{"line":11,"column":31}},"loc":{"start":{"line":11,"column":55},"end":{"line":11,"column":59}}},"1":{"name":"(anonymous_5)","decl":{"start":{"line":15,"column":8},"end":{"line":15,"column":16}},"loc":{"start":{"line":15,"column":49},"end":{"line":28,"column":3}}},"2":{"name":"(anonymous_6)","decl":{"start":{"line":33,"column":8},"end":{"line":33,"column":19}},"loc":{"start":{"line":33,"column":19},"end":{"line":39,"column":3}}}},"branchMap":{"0":{"loc":{"start":{"line":15,"column":38},"end":{"line":15,"column":52}},"type":"cond-expr","locations":[{"start":{"line":15,"column":49},"end":{"line":15,"column":52}},{"start":{"line":15,"column":49},"end":{"line":15,"column":52}}]},"1":{"loc":{"start":{"line":15,"column":38},"end":{"line":15,"column":49}},"type":"binary-expr","locations":[{"start":{"line":15,"column":38},"end":{"line":15,"column":52}},{"start":{"line":15,"column":38},"end":{"line":15,"column":49}}]},"2":{"loc":{"start":{"line":15,"column":52},"end":{"line":15,"column":null}},"type":"cond-expr","locations":[{"start":{"line":15,"column":59},"end":{"line":15,"column":null}},{"start":{"line":15,"column":59},"end":{"line":15,"column":null}}]},"3":{"loc":{"start":{"line":15,"column":52},"end":{"line":15,"column":59}},"type":"binary-expr","locations":[{"start":{"line":15,"column":52},"end":{"line":15,"column":null}},{"start":{"line":15,"column":52},"end":{"line":15,"column":59}}]},"4":{"loc":{"start":{"line":11,"column":44},"end":{"line":11,"column":58}},"type":"cond-expr","locations":[{"start":{"line":11,"column":55},"end":{"line":11,"column":58}},{"start":{"line":11,"column":55},"end":{"line":11,"column":58}}]},"5":{"loc":{"start":{"line":11,"column":44},"end":{"line":11,"column":55}},"type":"binary-expr","locations":[{"start":{"line":11,"column":44},"end":{"line":11,"column":58}},{"start":{"line":11,"column":44},"end":{"line":11,"column":55}}]}},"s":{"0":0,"1":0,"2":0,"3":0,"4":0,"5":0,"6":0,"7":0,"8":0,"9":0,"10":0,"11":0,"12":0,"13":0,"14":0,"15":0,"16":0},"f":{"0":0,"1":0,"2":0},"b":{"0":[0,0],"1":[0,0],"2":[0,0],"3":[0,0],"4":[0,0],"5":[0,0]}}
,"C:\\Users\\doddy\\Documents\\personal\\ewallet-starwork\\ewallet-api\\src\\user\\user.module.ts": {"path":"C:\\Users\\doddy\\Documents\\personal\\ewallet-starwork\\ewallet-api\\src\\user\\user.module.ts","statementMap":{"0":{"start":{"line":1,"column":0},"end":{"line":1,"column":40}},"1":{"start":{"line":2,"column":0},"end":{"line":2,"column":48}},"2":{"start":{"line":3,"column":0},"end":{"line":3,"column":45}},"3":{"start":{"line":4,"column":0},"end":{"line":4,"column":51}},"4":{"start":{"line":5,"column":0},"end":{"line":5,"column":47}},"5":{"start":{"line":6,"column":0},"end":{"line":6,"column":51}},"6":{"start":{"line":14,"column":7},"end":{"line":14,"column":null}},"7":{"start":{"line":14,"column":13},"end":{"line":14,"column":23}},"8":{"start":{"line":14,"column":13},"end":{"line":14,"column":null}}},"fnMap":{},"branchMap":{},"s":{"0":0,"1":0,"2":0,"3":0,"4":0,"5":0,"6":0,"7":0,"8":0},"f":{},"b":{}}
,"C:\\Users\\doddy\\Documents\\personal\\ewallet-starwork\\ewallet-api\\src\\user\\user.service.ts": {"path":"C:\\Users\\doddy\\Documents\\personal\\ewallet-starwork\\ewallet-api\\src\\user\\user.service.ts","statementMap":{"0":{"start":{"line":1,"column":0},"end":{"line":1,"column":82}},"1":{"start":{"line":2,"column":0},"end":{"line":2,"column":51}},"2":{"start":{"line":3,"column":0},"end":{"line":3,"column":37}},"3":{"start":{"line":4,"column":0},"end":{"line":4,"column":57}},"4":{"start":{"line":5,"column":0},"end":{"line":5,"column":51}},"5":{"start":{"line":6,"column":0},"end":{"line":6,"column":35}},"6":{"start":{"line":9,"column":7},"end":{"line":81,"column":null}},"7":{"start":{"line":12,"column":12},"end":{"line":12,"column":28}},"8":{"start":{"line":14,"column":12},"end":{"line":14,"column":30}},"9":{"start":{"line":18,"column":53},"end":{"line":18,"column":64}},"10":{"start":{"line":21,"column":25},"end":{"line":21,"column":80}},"11":{"start":{"line":22,"column":4},"end":{"line":24,"column":5}},"12":{"start":{"line":23,"column":6},"end":{"line":23,"column":73}},"13":{"start":{"line":27,"column":27},"end":{"line":27,"column":58}},"14":{"start":{"line":30,"column":17},"end":{"line":36,"column":6}},"15":{"start":{"line":38,"column":22},"end":{"line":38,"column":58}},"16":{"start":{"line":41,"column":19},"end":{"line":44,"column":6}},"17":{"start":{"line":45,"column":4},"end":{"line":45,"column":45}},"18":{"start":{"line":47,"column":4},"end":{"line":47,"column":21}},"19":{"start":{"line":51,"column":4},"end":{"line":51,"column":61}},"20":{"start":{"line":55,"column":4},"end":{"line":55,"column":58}},"21":{"start":{"line":59,"column":4},"end":{"line":59,"column":52}},"22":{"start":{"line":63,"column":27},"end":{"line":63,"column":58}},"23":{"start":{"line":65,"column":18},"end":{"line":71,"column":6}},"24":{"start":{"line":73,"column":4},"end":{"line":73,"column":43}},"25":{"start":{"line":77,"column":4},"end":{"line":79,"column":7}},"26":{"start":{"line":9,"column":13},"end":{"line":9,"column":24}},"27":{"start":{"line":9,"column":13},"end":{"line":81,"column":null}}},"fnMap":{"0":{"name":"(anonymous_13)","decl":{"start":{"line":10,"column":2},"end":{"line":10,"column":null}},"loc":{"start":{"line":14,"column":48},"end":{"line":15,"column":6}}},"1":{"name":"(anonymous_14)","decl":{"start":{"line":17,"column":2},"end":{"line":17,"column":7}},"loc":{"start":{"line":17,"column":31},"end":{"line":48,"column":3}}},"2":{"name":"(anonymous_15)","decl":{"start":{"line":50,"column":2},"end":{"line":50,"column":7}},"loc":{"start":{"line":50,"column":33},"end":{"line":52,"column":3}}},"3":{"name":"(anonymous_16)","decl":{"start":{"line":54,"column":2},"end":{"line":54,"column":7}},"loc":{"start":{"line":54,"column":27},"end":{"line":56,"column":3}}},"4":{"name":"(anonymous_17)","decl":{"start":{"line":58,"column":2},"end":{"line":58,"column":7}},"loc":{"start":{"line":58,"column":65},"end":{"line":60,"column":3}}},"5":{"name":"(anonymous_18)","decl":{"start":{"line":62,"column":2},"end":{"line":62,"column":7}},"loc":{"start":{"line":62,"column":88},"end":{"line":74,"column":3}}},"6":{"name":"(anonymous_19)","decl":{"start":{"line":76,"column":2},"end":{"line":76,"column":7}},"loc":{"start":{"line":76,"column":19},"end":{"line":80,"column":3}}}},"branchMap":{"0":{"loc":{"start":{"line":22,"column":4},"end":{"line":24,"column":5}},"type":"if","locations":[{"start":{"line":22,"column":4},"end":{"line":24,"column":5}},{"start":{},"end":{}}]},"1":{"loc":{"start":{"line":12,"column":28},"end":{"line":12,"column":44}},"type":"cond-expr","locations":[{"start":{"line":12,"column":38},"end":{"line":12,"column":44}},{"start":{"line":12,"column":38},"end":{"line":12,"column":44}}]},"2":{"loc":{"start":{"line":12,"column":28},"end":{"line":12,"column":38}},"type":"binary-expr","locations":[{"start":{"line":12,"column":28},"end":{"line":12,"column":44}},{"start":{"line":12,"column":28},"end":{"line":12,"column":38}}]},"3":{"loc":{"start":{"line":12,"column":38},"end":{"line":14,"column":48}},"type":"cond-expr","locations":[{"start":{"line":14,"column":40},"end":{"line":14,"column":48}},{"start":{"line":14,"column":40},"end":{"line":14,"column":48}}]},"4":{"loc":{"start":{"line":12,"column":38},"end":{"line":14,"column":40}},"type":"binary-expr","locations":[{"start":{"line":12,"column":38},"end":{"line":14,"column":48}},{"start":{"line":14,"column":30},"end":{"line":14,"column":40}}]}},"s":{"0":2,"1":2,"2":2,"3":2,"4":2,"5":2,"6":2,"7":10,"8":10,"9":2,"10":2,"11":2,"12":1,"13":1,"14":1,"15":1,"16":1,"17":1,"18":1,"19":2,"20":2,"21":2,"22":1,"23":1,"24":1,"25":1,"26":2,"27":2},"f":{"0":10,"1":2,"2":2,"3":2,"4":2,"5":1,"6":1},"b":{"0":[1,1],"1":[2,0],"2":[2,2],"3":[2,0],"4":[2,2]}}
,"C:\\Users\\doddy\\Documents\\personal\\ewallet-starwork\\ewallet-api\\src\\wallet\\wallet.controller.ts": {"path":"C:\\Users\\doddy\\Documents\\personal\\ewallet-starwork\\ewallet-api\\src\\wallet\\wallet.controller.ts","statementMap":{"0":{"start":{"line":1,"column":0},"end":{"line":1,"column":99}},"1":{"start":{"line":2,"column":0},"end":{"line":2,"column":49}},"2":{"start":{"line":3,"column":0},"end":{"line":3,"column":131}},"3":{"start":{"line":4,"column":0},"end":{"line":4,"column":54}},"4":{"start":{"line":5,"column":0},"end":{"line":5,"column":49}},"5":{"start":{"line":6,"column":0},"end":{"line":6,"column":48}},"6":{"start":{"line":7,"column":0},"end":{"line":7,"column":51}},"7":{"start":{"line":10,"column":7},"end":{"line":69,"column":null}},"8":{"start":{"line":11,"column":31},"end":{"line":11,"column":46}},"9":{"start":{"line":18,"column":19},"end":{"line":18,"column":30}},"10":{"start":{"line":19,"column":20},"end":{"line":19,"column":63}},"11":{"start":{"line":21,"column":4},"end":{"line":24,"column":6}},"12":{"start":{"line":35,"column":19},"end":{"line":35,"column":30}},"13":{"start":{"line":36,"column":21},"end":{"line":36,"column":81}},"14":{"start":{"line":38,"column":4},"end":{"line":41,"column":6}},"15":{"start":{"line":52,"column":19},"end":{"line":52,"column":30}},"16":{"start":{"line":53,"column":4},"end":{"line":53,"column":72}},"17":{"start":{"line":61,"column":19},"end":{"line":61,"column":30}},"18":{"start":{"line":62,"column":25},"end":{"line":62,"column":79}},"19":{"start":{"line":64,"column":4},"end":{"line":67,"column":6}},"20":{"start":{"line":10,"column":13},"end":{"line":10,"column":29}},"21":{"start":{"line":17,"column":8},"end":{"line":25,"column":null}},"22":{"start":{"line":31,"column":8},"end":{"line":42,"column":null}},"23":{"start":{"line":48,"column":8},"end":{"line":54,"column":null}},"24":{"start":{"line":60,"column":8},"end":{"line":68,"column":null}},"25":{"start":{"line":10,"column":13},"end":{"line":69,"column":null}}},"fnMap":{"0":{"name":"(anonymous_4)","decl":{"start":{"line":11,"column":2},"end":{"line":11,"column":31}},"loc":{"start":{"line":11,"column":59},"end":{"line":11,"column":63}}},"1":{"name":"(anonymous_5)","decl":{"start":{"line":17,"column":8},"end":{"line":17,"column":18}},"loc":{"start":{"line":17,"column":34},"end":{"line":25,"column":3}}},"2":{"name":"(anonymous_6)","decl":{"start":{"line":31,"column":8},"end":{"line":31,"column":22}},"loc":{"start":{"line":33,"column":19},"end":{"line":42,"column":3}}},"3":{"name":"(anonymous_7)","decl":{"start":{"line":48,"column":8},"end":{"line":48,"column":22}},"loc":{"start":{"line":50,"column":19},"end":{"line":54,"column":3}}},"4":{"name":"(anonymous_8)","decl":{"start":{"line":60,"column":8},"end":{"line":60,"column":29}},"loc":{"start":{"line":60,"column":45},"end":{"line":68,"column":3}}}},"branchMap":{"0":{"loc":{"start":{"line":17,"column":37},"end":{"line":17,"column":null}},"type":"cond-expr","locations":[{"start":{"line":17,"column":44},"end":{"line":17,"column":null}},{"start":{"line":17,"column":44},"end":{"line":17,"column":null}}]},"1":{"loc":{"start":{"line":17,"column":37},"end":{"line":17,"column":44}},"type":"binary-expr","locations":[{"start":{"line":17,"column":37},"end":{"line":17,"column":null}},{"start":{"line":17,"column":37},"end":{"line":17,"column":44}}]},"2":{"loc":{"start":{"line":32,"column":25},"end":{"line":32,"column":null}},"type":"cond-expr","locations":[{"start":{"line":32,"column":36},"end":{"line":32,"column":null}},{"start":{"line":32,"column":36},"end":{"line":32,"column":null}}]},"3":{"loc":{"start":{"line":32,"column":25},"end":{"line":32,"column":36}},"type":"binary-expr","locations":[{"start":{"line":32,"column":25},"end":{"line":32,"column":null}},{"start":{"line":32,"column":25},"end":{"line":32,"column":36}}]},"4":{"loc":{"start":{"line":34,"column":5},"end":{"line":34,"column":null}},"type":"cond-expr","locations":[{"start":{"line":34,"column":12},"end":{"line":34,"column":null}},{"start":{"line":34,"column":12},"end":{"line":34,"column":null}}]},"5":{"loc":{"start":{"line":34,"column":5},"end":{"line":34,"column":12}},"type":"binary-expr","locations":[{"start":{"line":34,"column":5},"end":{"line":34,"column":null}},{"start":{"line":34,"column":5},"end":{"line":34,"column":12}}]},"6":{"loc":{"start":{"line":49,"column":31},"end":{"line":49,"column":null}},"type":"cond-expr","locations":[{"start":{"line":49,"column":48},"end":{"line":49,"column":null}},{"start":{"line":49,"column":48},"end":{"line":49,"column":null}}]},"7":{"loc":{"start":{"line":49,"column":31},"end":{"line":49,"column":48}},"type":"binary-expr","locations":[{"start":{"line":49,"column":31},"end":{"line":49,"column":null}},{"start":{"line":49,"column":31},"end":{"line":49,"column":48}}]},"8":{"loc":{"start":{"line":51,"column":5},"end":{"line":51,"column":null}},"type":"cond-expr","locations":[{"start":{"line":51,"column":12},"end":{"line":51,"column":null}},{"start":{"line":51,"column":12},"end":{"line":51,"column":null}}]},"9":{"loc":{"start":{"line":51,"column":5},"end":{"line":51,"column":12}},"type":"binary-expr","locations":[{"start":{"line":51,"column":5},"end":{"line":51,"column":null}},{"start":{"line":51,"column":5},"end":{"line":51,"column":12}}]},"10":{"loc":{"start":{"line":60,"column":48},"end":{"line":60,"column":null}},"type":"cond-expr","locations":[{"start":{"line":60,"column":55},"end":{"line":60,"column":null}},{"start":{"line":60,"column":55},"end":{"line":60,"column":null}}]},"11":{"loc":{"start":{"line":60,"column":48},"end":{"line":60,"column":55}},"type":"binary-expr","locations":[{"start":{"line":60,"column":48},"end":{"line":60,"column":null}},{"start":{"line":60,"column":48},"end":{"line":60,"column":55}}]},"12":{"loc":{"start":{"line":11,"column":46},"end":{"line":11,"column":62}},"type":"cond-expr","locations":[{"start":{"line":11,"column":59},"end":{"line":11,"column":62}},{"start":{"line":11,"column":59},"end":{"line":11,"column":62}}]},"13":{"loc":{"start":{"line":11,"column":46},"end":{"line":11,"column":59}},"type":"binary-expr","locations":[{"start":{"line":11,"column":46},"end":{"line":11,"column":62}},{"start":{"line":11,"column":46},"end":{"line":11,"column":59}}]}},"s":{"0":0,"1":0,"2":0,"3":0,"4":0,"5":0,"6":0,"7":0,"8":0,"9":0,"10":0,"11":0,"12":0,"13":0,"14":0,"15":0,"16":0,"17":0,"18":0,"19":0,"20":0,"21":0,"22":0,"23":0,"24":0,"25":0},"f":{"0":0,"1":0,"2":0,"3":0,"4":0},"b":{"0":[0,0],"1":[0,0],"2":[0,0],"3":[0,0],"4":[0,0],"5":[0,0],"6":[0,0],"7":[0,0],"8":[0,0],"9":[0,0],"10":[0,0],"11":[0,0],"12":[0,0],"13":[0,0]}}
,"C:\\Users\\doddy\\Documents\\personal\\ewallet-starwork\\ewallet-api\\src\\wallet\\wallet.module.ts": {"path":"C:\\Users\\doddy\\Documents\\personal\\ewallet-starwork\\ewallet-api\\src\\wallet\\wallet.module.ts","statementMap":{"0":{"start":{"line":1,"column":0},"end":{"line":1,"column":40}},"1":{"start":{"line":2,"column":0},"end":{"line":2,"column":48}},"2":{"start":{"line":3,"column":0},"end":{"line":3,"column":49}},"3":{"start":{"line":4,"column":0},"end":{"line":4,"column":55}},"4":{"start":{"line":5,"column":0},"end":{"line":5,"column":61}},"5":{"start":{"line":6,"column":0},"end":{"line":6,"column":51}},"6":{"start":{"line":7,"column":0},"end":{"line":7,"column":47}},"7":{"start":{"line":15,"column":7},"end":{"line":15,"column":null}},"8":{"start":{"line":15,"column":13},"end":{"line":15,"column":25}},"9":{"start":{"line":15,"column":13},"end":{"line":15,"column":null}}},"fnMap":{},"branchMap":{},"s":{"0":0,"1":0,"2":0,"3":0,"4":0,"5":0,"6":0,"7":0,"8":0,"9":0},"f":{},"b":{}}
,"C:\\Users\\doddy\\Documents\\personal\\ewallet-starwork\\ewallet-api\\src\\wallet\\wallet.service.ts": {"path":"C:\\Users\\doddy\\Documents\\personal\\ewallet-starwork\\ewallet-api\\src\\wallet\\wallet.service.ts","statementMap":{"0":{"start":{"line":1,"column":0},"end":{"line":1,"column":104}},"1":{"start":{"line":2,"column":0},"end":{"line":2,"column":51}},"2":{"start":{"line":3,"column":0},"end":{"line":3,"column":49}},"3":{"start":{"line":4,"column":0},"end":{"line":4,"column":97}},"4":{"start":{"line":5,"column":0},"end":{"line":5,"column":51}},"5":{"start":{"line":6,"column":0},"end":{"line":6,"column":47}},"6":{"start":{"line":10,"column":7},"end":{"line":237,"column":null}},"7":{"start":{"line":13,"column":12},"end":{"line":13,"column":35}},"8":{"start":{"line":15,"column":12},"end":{"line":15,"column":30}},"9":{"start":{"line":17,"column":12},"end":{"line":17,"column":28}},"10":{"start":{"line":18,"column":12},"end":{"line":18,"column":24}},"11":{"start":{"line":22,"column":17},"end":{"line":25,"column":6}},"12":{"start":{"line":27,"column":4},"end":{"line":29,"column":5}},"13":{"start":{"line":28,"column":6},"end":{"line":28,"column":52}},"14":{"start":{"line":31,"column":17},"end":{"line":33,"column":6}},"15":{"start":{"line":35,"column":4},"end":{"line":42,"column":5}},"16":{"start":{"line":37,"column":6},"end":{"line":40,"column":9}},"17":{"start":{"line":41,"column":6},"end":{"line":41,"column":56}},"18":{"start":{"line":44,"column":4},"end":{"line":53,"column":6}},"19":{"start":{"line":57,"column":52},"end":{"line":57,"column":63}},"20":{"start":{"line":60,"column":24},"end":{"line":60,"column":59}},"21":{"start":{"line":61,"column":4},"end":{"line":61,"column":32}},"22":{"start":{"line":62,"column":4},"end":{"line":62,"column":41}},"23":{"start":{"line":64,"column":4},"end":{"line":149,"column":5}},"24":{"start":{"line":66,"column":24},"end":{"line":69,"column":8}},"25":{"start":{"line":71,"column":6},"end":{"line":73,"column":7}},"26":{"start":{"line":72,"column":8},"end":{"line":72,"column":64}},"27":{"start":{"line":75,"column":6},"end":{"line":77,"column":7}},"28":{"start":{"line":76,"column":8},"end":{"line":76,"column":69}},"29":{"start":{"line":80,"column":25},"end":{"line":82,"column":8}},"30":{"start":{"line":84,"column":6},"end":{"line":86,"column":7}},"31":{"start":{"line":85,"column":8},"end":{"line":85,"column":63}},"32":{"start":{"line":89,"column":6},"end":{"line":91,"column":7}},"33":{"start":{"line":90,"column":8},"end":{"line":90,"column":62}},"34":{"start":{"line":94,"column":28},"end":{"line":96,"column":8}},"35":{"start":{"line":98,"column":6},"end":{"line":104,"column":7}},"36":{"start":{"line":99,"column":8},"end":{"line":102,"column":11}},"37":{"start":{"line":103,"column":8},"end":{"line":103,"column":56}},"38":{"start":{"line":107,"column":26},"end":{"line":114,"column":8}},"39":{"start":{"line":116,"column":31},"end":{"line":116,"column":74}},"40":{"start":{"line":119,"column":6},"end":{"line":119,"column":67}},"41":{"start":{"line":120,"column":6},"end":{"line":120,"column":73}},"42":{"start":{"line":122,"column":6},"end":{"line":122,"column":51}},"43":{"start":{"line":123,"column":6},"end":{"line":123,"column":54}},"44":{"start":{"line":126,"column":6},"end":{"line":126,"column":44}},"45":{"start":{"line":128,"column":6},"end":{"line":141,"column":8}},"46":{"start":{"line":144,"column":6},"end":{"line":144,"column":46}},"47":{"start":{"line":145,"column":6},"end":{"line":145,"column":18}},"48":{"start":{"line":148,"column":6},"end":{"line":148,"column":34}},"49":{"start":{"line":153,"column":36},"end":{"line":153,"column":53}},"50":{"start":{"line":156,"column":24},"end":{"line":156,"column":59}},"51":{"start":{"line":157,"column":4},"end":{"line":157,"column":32}},"52":{"start":{"line":158,"column":4},"end":{"line":158,"column":41}},"53":{"start":{"line":160,"column":4},"end":{"line":210,"column":5}},"54":{"start":{"line":162,"column":19},"end":{"line":164,"column":8}},"55":{"start":{"line":166,"column":6},"end":{"line":168,"column":7}},"56":{"start":{"line":167,"column":8},"end":{"line":167,"column":56}},"57":{"start":{"line":171,"column":6},"end":{"line":173,"column":7}},"58":{"start":{"line":172,"column":8},"end":{"line":172,"column":62}},"59":{"start":{"line":176,"column":26},"end":{"line":182,"column":8}},"60":{"start":{"line":184,"column":31},"end":{"line":184,"column":74}},"61":{"start":{"line":187,"column":6},"end":{"line":187,"column":55}},"62":{"start":{"line":188,"column":6},"end":{"line":188,"column":45}},"63":{"start":{"line":191,"column":6},"end":{"line":191,"column":44}},"64":{"start":{"line":193,"column":6},"end":{"line":202,"column":8}},"65":{"start":{"line":205,"column":6},"end":{"line":205,"column":46}},"66":{"start":{"line":206,"column":6},"end":{"line":206,"column":18}},"67":{"start":{"line":209,"column":6},"end":{"line":209,"column":34}},"68":{"start":{"line":214,"column":25},"end":{"line":218,"column":6}},"69":{"start":{"line":220,"column":4},"end":{"line":235,"column":8}},"70":{"start":{"line":220,"column":44},"end":{"line":235,"column":6}},"71":{"start":{"line":10,"column":13},"end":{"line":10,"column":26}},"72":{"start":{"line":10,"column":13},"end":{"line":237,"column":null}}},"fnMap":{"0":{"name":"(anonymous_4)","decl":{"start":{"line":11,"column":2},"end":{"line":11,"column":null}},"loc":{"start":{"line":18,"column":34},"end":{"line":19,"column":6}}},"1":{"name":"(anonymous_5)","decl":{"start":{"line":21,"column":2},"end":{"line":21,"column":7}},"loc":{"start":{"line":21,"column":33},"end":{"line":54,"column":3}}},"2":{"name":"(anonymous_6)","decl":{"start":{"line":56,"column":2},"end":{"line":56,"column":7}},"loc":{"start":{"line":56,"column":63},"end":{"line":150,"column":3}}},"3":{"name":"(anonymous_7)","decl":{"start":{"line":152,"column":2},"end":{"line":152,"column":7}},"loc":{"start":{"line":152,"column":75},"end":{"line":211,"column":3}}},"4":{"name":"(anonymous_8)","decl":{"start":{"line":213,"column":2},"end":{"line":213,"column":7}},"loc":{"start":{"line":213,"column":44},"end":{"line":236,"column":3}}},"5":{"name":"(anonymous_9)","decl":{"start":{"line":220,"column":28},"end":{"line":220,"column":39}},"loc":{"start":{"line":220,"column":44},"end":{"line":235,"column":6}}}},"branchMap":{"0":{"loc":{"start":{"line":27,"column":4},"end":{"line":29,"column":5}},"type":"if","locations":[{"start":{"line":27,"column":4},"end":{"line":29,"column":5}},{"start":{},"end":{}}]},"1":{"loc":{"start":{"line":35,"column":4},"end":{"line":42,"column":5}},"type":"if","locations":[{"start":{"line":35,"column":4},"end":{"line":42,"column":5}},{"start":{},"end":{}}]},"2":{"loc":{"start":{"line":71,"column":6},"end":{"line":73,"column":7}},"type":"if","locations":[{"start":{"line":71,"column":6},"end":{"line":73,"column":7}},{"start":{},"end":{}}]},"3":{"loc":{"start":{"line":75,"column":6},"end":{"line":77,"column":7}},"type":"if","locations":[{"start":{"line":75,"column":6},"end":{"line":77,"column":7}},{"start":{},"end":{}}]},"4":{"loc":{"start":{"line":84,"column":6},"end":{"line":86,"column":7}},"type":"if","locations":[{"start":{"line":84,"column":6},"end":{"line":86,"column":7}},{"start":{},"end":{}}]},"5":{"loc":{"start":{"line":89,"column":6},"end":{"line":91,"column":7}},"type":"if","locations":[{"start":{"line":89,"column":6},"end":{"line":91,"column":7}},{"start":{},"end":{}}]},"6":{"loc":{"start":{"line":98,"column":6},"end":{"line":104,"column":7}},"type":"if","locations":[{"start":{"line":98,"column":6},"end":{"line":104,"column":7}},{"start":{},"end":{}}]},"7":{"loc":{"start":{"line":166,"column":6},"end":{"line":168,"column":7}},"type":"if","locations":[{"start":{"line":166,"column":6},"end":{"line":168,"column":7}},{"start":{},"end":{}}]},"8":{"loc":{"start":{"line":171,"column":6},"end":{"line":173,"column":7}},"type":"if","locations":[{"start":{"line":171,"column":6},"end":{"line":173,"column":7}},{"start":{},"end":{}}]},"9":{"loc":{"start":{"line":180,"column":21},"end":{"line":180,"column":45}},"type":"binary-expr","locations":[{"start":{"line":180,"column":21},"end":{"line":180,"column":32}},{"start":{"line":180,"column":36},"end":{"line":180,"column":45}}]},"10":{"loc":{"start":{"line":227,"column":17},"end":{"line":232,"column":19}},"type":"cond-expr","locations":[{"start":{"line":227,"column":41},"end":{"line":232,"column":8}},{"start":{"line":232,"column":10},"end":{"line":232,"column":19}}]},"11":{"loc":{"start":{"line":13,"column":35},"end":{"line":13,"column":58}},"type":"cond-expr","locations":[{"start":{"line":13,"column":45},"end":{"line":13,"column":58}},{"start":{"line":13,"column":45},"end":{"line":13,"column":58}}]},"12":{"loc":{"start":{"line":13,"column":35},"end":{"line":13,"column":45}},"type":"binary-expr","locations":[{"start":{"line":13,"column":35},"end":{"line":13,"column":58}},{"start":{"line":13,"column":35},"end":{"line":13,"column":45}}]},"13":{"loc":{"start":{"line":13,"column":45},"end":{"line":15,"column":48}},"type":"cond-expr","locations":[{"start":{"line":15,"column":40},"end":{"line":15,"column":48}},{"start":{"line":15,"column":40},"end":{"line":15,"column":48}}]},"14":{"loc":{"start":{"line":13,"column":45},"end":{"line":15,"column":40}},"type":"binary-expr","locations":[{"start":{"line":13,"column":45},"end":{"line":15,"column":48}},{"start":{"line":15,"column":30},"end":{"line":15,"column":40}}]},"15":{"loc":{"start":{"line":15,"column":40},"end":{"line":17,"column":44}},"type":"cond-expr","locations":[{"start":{"line":17,"column":38},"end":{"line":17,"column":44}},{"start":{"line":17,"column":38},"end":{"line":17,"column":44}}]},"16":{"loc":{"start":{"line":15,"column":40},"end":{"line":17,"column":38}},"type":"binary-expr","locations":[{"start":{"line":15,"column":40},"end":{"line":17,"column":44}},{"start":{"line":17,"column":28},"end":{"line":17,"column":38}}]},"17":{"loc":{"start":{"line":17,"column":38},"end":{"line":18,"column":null}},"type":"cond-expr","locations":[{"start":{"line":18,"column":34},"end":{"line":18,"column":null}},{"start":{"line":18,"column":34},"end":{"line":18,"column":null}}]},"18":{"loc":{"start":{"line":17,"column":38},"end":{"line":18,"column":34}},"type":"binary-expr","locations":[{"start":{"line":17,"column":38},"end":{"line":18,"column":null}},{"start":{"line":18,"column":24},"end":{"line":18,"column":34}}]}},"s":{"0":1,"1":1,"2":1,"3":1,"4":1,"5":1,"6":1,"7":10,"8":10,"9":10,"10":10,"11":3,"12":3,"13":1,"14":2,"15":2,"16":1,"17":1,"18":2,"19":4,"20":4,"21":4,"22":4,"23":4,"24":4,"25":4,"26":1,"27":3,"28":1,"29":2,"30":2,"31":0,"32":2,"33":1,"34":1,"35":1,"36":0,"37":0,"38":1,"39":1,"40":1,"41":1,"42":1,"43":1,"44":1,"45":1,"46":3,"47":3,"48":4,"49":2,"50":2,"51":2,"52":2,"53":2,"54":2,"55":2,"56":0,"57":2,"58":1,"59":1,"60":1,"61":1,"62":1,"63":1,"64":1,"65":1,"66":1,"67":2,"68":1,"69":1,"70":1,"71":1,"72":1},"f":{"0":10,"1":3,"2":4,"3":2,"4":1,"5":1},"b":{"0":[1,2],"1":[1,1],"2":[1,3],"3":[1,2],"4":[0,2],"5":[1,1],"6":[0,1],"7":[0,2],"8":[1,1],"9":[1,0],"10":[1,0],"11":[1,0],"12":[1,1],"13":[1,0],"14":[1,1],"15":[1,0],"16":[1,1],"17":[1,0],"18":[1,1]}}
}
