TN:
SF:src\app.controller.ts
FN:6,(anonymous_2)
FN:9,(anonymous_3)
FNF:2
FNH:2
FNDA:1,(anonymous_2)
FNDA:1,(anonymous_3)
DA:1,1
DA:2,1
DA:5,1
DA:6,1
DA:9,1
DA:10,1
LF:6
LH:6
BRDA:6,0,0,1
BRDA:6,0,1,0
BRDA:6,1,0,1
BRDA:6,1,1,1
BRF:4
BRH:3
end_of_record
TN:
SF:src\app.module.ts
FN:25,(anonymous_1)
FNF:1
FNH:0
FNDA:0,(anonymous_1)
DA:1,0
DA:2,0
DA:3,0
DA:4,0
DA:5,0
DA:6,0
DA:7,0
DA:8,0
DA:9,0
DA:10,0
DA:11,0
DA:12,0
DA:13,0
DA:14,0
DA:15,0
DA:25,0
DA:38,0
LF:17
LH:0
BRF:0
BRH:0
end_of_record
TN:
SF:src\app.service.ts
FN:5,(anonymous_1)
FNF:1
FNH:1
FNDA:1,(anonymous_1)
DA:1,1
DA:4,1
DA:6,1
LF:3
LH:3
BRF:0
BRH:0
end_of_record
TN:
SF:src\main.ts
FN:6,bootstrap
FNF:1
FNH:0
FNDA:0,bootstrap
DA:1,0
DA:2,0
DA:3,0
DA:4,0
DA:7,0
DA:10,0
DA:17,0
DA:20,0
DA:21,0
DA:23,0
DA:24,0
DA:25,0
DA:27,0
LF:13
LH:0
BRDA:23,0,0,0
BRDA:23,0,1,0
BRF:2
BRH:0
end_of_record
TN:
SF:src\auth\auth.controller.ts
FN:11,(anonymous_4)
FN:15,(anonymous_5)
FN:29,(anonymous_6)
FN:37,(anonymous_7)
FN:45,(anonymous_8)
FN:58,(anonymous_9)
FNF:6
FNH:0
FNDA:0,(anonymous_4)
FNDA:0,(anonymous_5)
FNDA:0,(anonymous_6)
FNDA:0,(anonymous_7)
FNDA:0,(anonymous_8)
FNDA:0,(anonymous_9)
DA:1,0
DA:2,0
DA:3,0
DA:4,0
DA:5,0
DA:6,0
DA:7,0
DA:10,0
DA:11,0
DA:15,0
DA:20,0
DA:21,0
DA:23,0
DA:29,0
DA:30,0
DA:31,0
DA:37,0
DA:38,0
DA:39,0
DA:45,0
DA:46,0
DA:47,0
DA:48,0
DA:58,0
DA:59,0
LF:25
LH:0
BRDA:20,0,0,0
BRDA:20,0,1,0
BRDA:21,1,0,0
BRDA:21,1,1,0
BRDA:21,1,2,0
BRDA:16,2,0,0
BRDA:16,2,1,0
BRDA:16,3,0,0
BRDA:16,3,1,0
BRDA:19,4,0,0
BRDA:19,4,1,0
BRDA:19,5,0,0
BRDA:19,5,1,0
BRDA:11,6,0,0
BRDA:11,6,1,0
BRDA:11,7,0,0
BRDA:11,7,1,0
BRF:17
BRH:0
end_of_record
TN:
SF:src\auth\auth.module.ts
FN:18,(anonymous_1)
FNF:1
FNH:0
FNDA:0,(anonymous_1)
DA:1,0
DA:2,0
DA:3,0
DA:4,0
DA:5,0
DA:6,0
DA:7,0
DA:8,0
DA:9,0
DA:18,0
DA:29,0
LF:11
LH:0
BRF:0
BRH:0
end_of_record
TN:
SF:src\auth\auth.service.ts
FN:10,(anonymous_2)
FN:16,(anonymous_3)
FN:51,(anonymous_4)
FN:58,(anonymous_5)
FN:65,(anonymous_6)
FN:67,(anonymous_7)
FN:76,(anonymous_8)
FNF:7
FNH:5
FNDA:8,(anonymous_2)
FNDA:4,(anonymous_3)
FNDA:1,(anonymous_4)
FNDA:1,(anonymous_5)
FNDA:0,(anonymous_6)
FNDA:0,(anonymous_7)
FNDA:2,(anonymous_8)
DA:1,1
DA:2,1
DA:3,1
DA:4,1
DA:9,1
DA:11,8
DA:12,8
DA:13,8
DA:17,4
DA:19,4
DA:20,4
DA:21,1
DA:24,3
DA:25,3
DA:26,1
DA:29,2
DA:30,1
DA:33,1
DA:34,1
DA:37,1
DA:39,1
DA:52,1
DA:53,1
DA:59,1
DA:60,1
DA:66,0
DA:67,0
DA:78,2
DA:79,2
DA:80,1
DA:83,1
DA:85,1
LF:32
LH:30
BRDA:20,0,0,1
BRDA:20,0,1,3
BRDA:25,1,0,1
BRDA:25,1,1,2
BRDA:29,2,0,1
BRDA:29,2,1,1
BRDA:79,3,0,1
BRDA:79,3,1,1
BRDA:11,4,0,1
BRDA:11,4,1,0
BRDA:11,5,0,1
BRDA:11,5,1,1
BRDA:11,6,0,1
BRDA:11,6,1,0
BRDA:11,7,0,1
BRDA:11,7,1,1
BRDA:12,8,0,1
BRDA:12,8,1,0
BRDA:12,9,0,1
BRDA:12,9,1,1
BRF:20
BRH:17
end_of_record
TN:
SF:src\auth\jwt-auth.guard.ts
FNF:0
FNH:0
DA:1,0
DA:2,0
DA:5,0
LF:3
LH:0
BRF:0
BRH:0
end_of_record
TN:
SF:src\auth\jwt.strategy.ts
FN:11,(anonymous_2)
FN:23,(anonymous_3)
FNF:2
FNH:0
FNDA:0,(anonymous_2)
FNDA:0,(anonymous_3)
DA:1,0
DA:2,0
DA:3,0
DA:4,0
DA:5,0
DA:6,0
DA:10,0
DA:12,0
DA:13,0
DA:14,0
DA:16,0
DA:25,0
DA:28,0
DA:29,0
DA:30,0
DA:31,0
DA:35,0
DA:36,0
DA:37,0
DA:39,0
LF:20
LH:0
BRDA:28,0,0,0
BRDA:28,0,1,0
BRDA:30,1,0,0
BRDA:30,1,1,0
BRDA:36,2,0,0
BRDA:36,2,1,0
BRDA:36,3,0,0
BRDA:36,3,1,0
BRDA:12,4,0,0
BRDA:12,4,1,0
BRDA:12,5,0,0
BRDA:12,5,1,0
BRDA:12,6,0,0
BRDA:12,6,1,0
BRDA:12,7,0,0
BRDA:12,7,1,0
BRDA:13,8,0,0
BRDA:13,8,1,0
BRDA:13,9,0,0
BRDA:13,9,1,0
BRF:20
BRH:0
end_of_record
TN:
SF:src\auth\roles.decorator.ts
FN:5,(anonymous_0)
FNF:1
FNH:0
FNDA:0,(anonymous_0)
DA:1,0
DA:4,0
DA:5,0
LF:3
LH:0
BRF:0
BRH:0
end_of_record
TN:
SF:src\auth\roles.guard.ts
FN:7,(anonymous_2)
FN:9,(anonymous_3)
FN:20,(anonymous_4)
FNF:3
FNH:0
FNDA:0,(anonymous_2)
FNDA:0,(anonymous_3)
FNDA:0,(anonymous_4)
DA:1,0
DA:2,0
DA:6,0
DA:7,0
DA:10,0
DA:15,0
DA:16,0
DA:19,0
DA:20,0
LF:9
LH:0
BRDA:15,0,0,0
BRDA:15,0,1,0
BRDA:7,1,0,0
BRDA:7,1,1,0
BRDA:7,2,0,0
BRDA:7,2,1,0
BRF:6
BRH:0
end_of_record
TN:
SF:src\config\database.config.ts
FN:4,(anonymous_0)
FNF:1
FNH:0
FNDA:0,(anonymous_0)
DA:4,0
LF:1
LH:0
BRF:0
BRH:0
end_of_record
TN:
SF:src\deposit\deposit.controller.ts
FN:11,(anonymous_4)
FN:17,(anonymous_5)
FN:34,(anonymous_6)
FN:47,(anonymous_7)
FN:57,(anonymous_8)
FNF:5
FNH:0
FNDA:0,(anonymous_4)
FNDA:0,(anonymous_5)
FNDA:0,(anonymous_6)
FNDA:0,(anonymous_7)
FNDA:0,(anonymous_8)
DA:1,0
DA:2,0
DA:3,0
DA:4,0
DA:5,0
DA:6,0
DA:7,0
DA:10,0
DA:11,0
DA:17,0
DA:21,0
DA:22,0
DA:24,0
DA:34,0
DA:35,0
DA:37,0
DA:47,0
DA:50,0
DA:57,0
DA:58,0
DA:59,0
DA:61,0
LF:22
LH:0
BRDA:18,0,0,0
BRDA:18,0,1,0
BRDA:18,1,0,0
BRDA:18,1,1,0
BRDA:20,2,0,0
BRDA:20,2,1,0
BRDA:20,3,0,0
BRDA:20,3,1,0
BRDA:34,4,0,0
BRDA:34,4,1,0
BRDA:34,5,0,0
BRDA:34,5,1,0
BRDA:49,6,0,0
BRDA:49,6,1,0
BRDA:49,7,0,0
BRDA:49,7,1,0
BRDA:57,8,0,0
BRDA:57,8,1,0
BRDA:57,9,0,0
BRDA:57,9,1,0
BRDA:11,10,0,0
BRDA:11,10,1,0
BRDA:11,11,0,0
BRDA:11,11,1,0
BRF:24
BRH:0
end_of_record
TN:
SF:src\deposit\deposit.module.ts
FNF:0
FNH:0
DA:1,0
DA:2,0
DA:3,0
DA:4,0
DA:5,0
DA:6,0
DA:7,0
DA:15,0
LF:8
LH:0
BRF:0
BRH:0
end_of_record
TN:
SF:src\deposit\deposit.service.ts
FN:11,(anonymous_4)
FN:21,(anonymous_5)
FN:44,(anonymous_6)
FN:54,(anonymous_7)
FN:69,(anonymous_8)
FN:134,(anonymous_9)
FN:143,(anonymous_10)
FNF:7
FNH:7
FNDA:6,(anonymous_4)
FNDA:1,(anonymous_5)
FNDA:1,(anonymous_6)
FNDA:1,(anonymous_7)
FNDA:3,(anonymous_8)
FNDA:1,(anonymous_9)
FNDA:1,(anonymous_10)
DA:1,1
DA:2,1
DA:3,1
DA:4,1
DA:5,1
DA:6,1
DA:10,1
DA:13,6
DA:15,6
DA:17,6
DA:18,6
DA:22,1
DA:25,1
DA:33,1
DA:35,1
DA:45,1
DA:54,1
DA:71,3
DA:72,3
DA:73,3
DA:75,3
DA:77,3
DA:86,3
DA:87,1
DA:91,2
DA:95,2
DA:97,1
DA:101,1
DA:105,2
DA:106,2
DA:109,2
DA:110,2
DA:113,2
DA:115,2
DA:126,1
DA:127,1
DA:130,3
DA:135,1
DA:143,1
LF:39
LH:39
BRDA:86,0,0,1
BRDA:86,0,1,2
BRDA:95,1,0,1
BRDA:95,1,1,1
BRDA:13,2,0,1
BRDA:13,2,1,0
BRDA:13,3,0,1
BRDA:13,3,1,1
BRDA:13,4,0,1
BRDA:13,4,1,0
BRDA:13,5,0,1
BRDA:13,5,1,1
BRDA:15,6,0,1
BRDA:15,6,1,0
BRDA:15,7,0,1
BRDA:15,7,1,1
BRDA:17,8,0,1
BRDA:17,8,1,0
BRDA:17,9,0,1
BRDA:17,9,1,1
BRF:20
BRH:16
end_of_record
TN:
SF:src\dto\auth.dto.ts
FNF:0
FNH:0
DA:1,0
DA:3,0
DA:6,0
DA:10,0
DA:14,0
DA:18,0
DA:21,0
DA:24,0
DA:28,0
DA:31,0
LF:10
LH:0
BRF:0
BRH:0
end_of_record
TN:
SF:src\dto\deposit.dto.ts
FNF:0
FNH:0
DA:1,0
DA:3,0
DA:7,0
DA:11,0
DA:14,0
DA:16,0
DA:19,0
DA:27,0
LF:8
LH:0
BRF:0
BRH:0
end_of_record
TN:
SF:src\dto\wallet.dto.ts
FNF:0
FNH:0
DA:1,0
DA:3,0
DA:5,0
DA:10,0
DA:14,0
DA:17,0
DA:21,0
DA:25,0
DA:28,0
DA:39,0
DA:56,0
LF:11
LH:0
BRF:0
BRH:0
end_of_record
TN:
SF:src\entities\session.entity.ts
FN:12,(anonymous_2)
FN:12,(anonymous_3)
FNF:2
FNH:0
FNDA:0,(anonymous_2)
FNDA:0,(anonymous_3)
DA:1,4
DA:2,4
DA:5,4
DA:7,4
DA:10,4
DA:12,0
DA:14,4
DA:17,4
DA:20,4
DA:23,4
DA:26,4
DA:29,4
DA:32,4
LF:13
LH:12
BRDA:14,0,0,0
BRDA:14,0,1,4
BRDA:14,1,0,4
BRDA:14,1,1,0
BRDA:29,2,0,4
BRDA:29,2,1,0
BRDA:29,3,0,4
BRDA:29,3,1,4
BRDA:32,4,0,4
BRDA:32,4,1,0
BRDA:32,5,0,4
BRDA:32,5,1,4
BRF:12
BRH:8
end_of_record
TN:
SF:src\entities\transaction.entity.ts
FN:4,(anonymous_2)
FN:10,(anonymous_3)
FN:43,(anonymous_4)
FN:43,(anonymous_5)
FN:50,(anonymous_6)
FNF:5
FNH:2
FNDA:4,(anonymous_2)
FNDA:4,(anonymous_3)
FNDA:0,(anonymous_4)
FNDA:0,(anonymous_5)
FNDA:0,(anonymous_6)
DA:1,4
DA:2,4
DA:4,4
DA:5,4
DA:6,4
DA:7,4
DA:10,4
DA:11,4
DA:12,4
DA:13,4
DA:17,4
DA:19,4
DA:25,4
DA:32,4
DA:35,4
DA:38,4
DA:41,4
DA:43,0
DA:45,4
DA:48,4
DA:50,0
DA:52,4
DA:55,4
DA:58,4
LF:24
LH:22
BRDA:4,0,0,4
BRDA:4,0,1,4
BRDA:10,1,0,4
BRDA:10,1,1,4
BRDA:45,2,0,2
BRDA:45,2,1,2
BRDA:45,3,0,4
BRDA:45,3,1,2
BRDA:52,4,0,2
BRDA:52,4,1,2
BRDA:52,5,0,4
BRDA:52,5,1,2
BRDA:55,6,0,4
BRDA:55,6,1,0
BRDA:55,7,0,4
BRDA:55,7,1,4
BRDA:58,8,0,4
BRDA:58,8,1,0
BRDA:58,9,0,4
BRDA:58,9,1,4
BRF:20
BRH:18
end_of_record
TN:
SF:src\entities\user.entity.ts
FN:6,(anonymous_2)
FN:44,(anonymous_3)
FN:44,(anonymous_4)
FN:47,(anonymous_5)
FN:47,(anonymous_6)
FN:50,(anonymous_7)
FN:50,(anonymous_8)
FNF:7
FNH:1
FNDA:4,(anonymous_2)
FNDA:0,(anonymous_3)
FNDA:0,(anonymous_4)
FNDA:0,(anonymous_5)
FNDA:0,(anonymous_6)
FNDA:0,(anonymous_7)
FNDA:0,(anonymous_8)
DA:1,4
DA:2,4
DA:3,4
DA:4,4
DA:6,4
DA:7,4
DA:8,4
DA:12,4
DA:14,4
DA:17,4
DA:20,4
DA:23,4
DA:26,4
DA:33,4
DA:36,4
DA:39,4
DA:42,4
DA:44,0
DA:45,4
DA:47,0
DA:48,4
DA:50,0
DA:51,4
LF:23
LH:20
BRDA:6,0,0,4
BRDA:6,0,1,4
BRDA:39,1,0,4
BRDA:39,1,1,0
BRDA:39,2,0,4
BRDA:39,2,1,4
BRDA:42,3,0,4
BRDA:42,3,1,0
BRDA:42,4,0,4
BRDA:42,4,1,4
BRF:10
BRH:8
end_of_record
TN:
SF:src\entities\wallet.entity.ts
FN:15,(anonymous_2)
FN:15,(anonymous_3)
FNF:2
FNH:0
FNDA:0,(anonymous_2)
FNDA:0,(anonymous_3)
DA:1,4
DA:2,4
DA:5,4
DA:7,4
DA:10,4
DA:13,4
DA:15,0
DA:17,4
DA:20,4
DA:23,4
LF:10
LH:9
BRDA:17,0,0,0
BRDA:17,0,1,4
BRDA:17,1,0,4
BRDA:17,1,1,0
BRDA:20,2,0,4
BRDA:20,2,1,0
BRDA:20,3,0,4
BRDA:20,3,1,4
BRDA:23,4,0,4
BRDA:23,4,1,0
BRDA:23,5,0,4
BRDA:23,5,1,4
BRF:12
BRH:8
end_of_record
TN:
SF:src\seeder\seeder.module.ts
FNF:0
FNH:0
DA:1,0
DA:2,0
DA:3,0
DA:10,0
LF:4
LH:0
BRF:0
BRH:0
end_of_record
TN:
SF:src\seeder\seeder.service.ts
FN:9,(anonymous_2)
FN:11,(anonymous_3)
FNF:2
FNH:0
FNDA:0,(anonymous_2)
FNDA:0,(anonymous_3)
DA:1,0
DA:2,0
DA:6,0
DA:7,0
DA:9,0
DA:12,0
DA:14,0
DA:15,0
DA:16,0
DA:17,0
DA:21,0
DA:28,0
DA:30,0
LF:13
LH:0
BRDA:15,0,0,0
BRDA:15,0,1,0
BRDA:9,1,0,0
BRDA:9,1,1,0
BRDA:9,2,0,0
BRDA:9,2,1,0
BRF:6
BRH:0
end_of_record
TN:
SF:src\session\session.module.ts
FNF:0
FNH:0
DA:1,0
DA:2,0
DA:3,0
DA:4,0
DA:5,0
DA:12,0
LF:6
LH:0
BRF:0
BRH:0
end_of_record
TN:
SF:src\session\session.service.ts
FN:9,(anonymous_4)
FN:16,(anonymous_5)
FN:38,(anonymous_6)
FN:45,(anonymous_7)
FN:60,(anonymous_8)
FN:67,(anonymous_9)
FN:74,(anonymous_10)
FNF:7
FNH:0
FNDA:0,(anonymous_4)
FNDA:0,(anonymous_5)
FNDA:0,(anonymous_6)
FNDA:0,(anonymous_7)
FNDA:0,(anonymous_8)
FNDA:0,(anonymous_9)
FNDA:0,(anonymous_10)
DA:1,1
DA:2,1
DA:3,1
DA:4,1
DA:5,1
DA:8,1
DA:11,0
DA:13,0
DA:23,0
DA:26,0
DA:35,0
DA:39,0
DA:46,0
DA:51,0
DA:53,0
DA:54,0
DA:57,0
DA:61,0
DA:68,0
DA:76,0
DA:77,0
DA:79,0
LF:22
LH:6
BRDA:51,0,0,0
BRDA:51,0,1,0
BRDA:11,1,0,1
BRDA:11,1,1,0
BRDA:11,2,0,1
BRDA:11,2,1,1
BRDA:11,3,0,1
BRDA:11,3,1,0
BRDA:11,4,0,1
BRDA:11,4,1,1
BRF:10
BRH:6
end_of_record
TN:
SF:src\user\user.controller.ts
FN:11,(anonymous_4)
FN:15,(anonymous_5)
FN:33,(anonymous_6)
FNF:3
FNH:0
FNDA:0,(anonymous_4)
FNDA:0,(anonymous_5)
FNDA:0,(anonymous_6)
DA:1,0
DA:2,0
DA:3,0
DA:4,0
DA:5,0
DA:6,0
DA:7,0
DA:10,0
DA:11,0
DA:15,0
DA:16,0
DA:18,0
DA:33,0
DA:34,0
DA:35,0
LF:15
LH:0
BRDA:15,0,0,0
BRDA:15,0,1,0
BRDA:15,1,0,0
BRDA:15,1,1,0
BRDA:15,2,0,0
BRDA:15,2,1,0
BRDA:15,3,0,0
BRDA:15,3,1,0
BRDA:11,4,0,0
BRDA:11,4,1,0
BRDA:11,5,0,0
BRDA:11,5,1,0
BRF:12
BRH:0
end_of_record
TN:
SF:src\user\user.module.ts
FNF:0
FNH:0
DA:1,0
DA:2,0
DA:3,0
DA:4,0
DA:5,0
DA:6,0
DA:14,0
LF:7
LH:0
BRF:0
BRH:0
end_of_record
TN:
SF:src\user\user.service.ts
FN:10,(anonymous_13)
FN:17,(anonymous_14)
FN:50,(anonymous_15)
FN:54,(anonymous_16)
FN:58,(anonymous_17)
FN:62,(anonymous_18)
FN:76,(anonymous_19)
FNF:7
FNH:7
FNDA:10,(anonymous_13)
FNDA:2,(anonymous_14)
FNDA:2,(anonymous_15)
FNDA:2,(anonymous_16)
FNDA:2,(anonymous_17)
FNDA:1,(anonymous_18)
FNDA:1,(anonymous_19)
DA:1,2
DA:2,2
DA:3,2
DA:4,2
DA:5,2
DA:6,2
DA:9,2
DA:12,10
DA:14,10
DA:18,2
DA:21,2
DA:22,2
DA:23,1
DA:27,1
DA:30,1
DA:38,1
DA:41,1
DA:45,1
DA:47,1
DA:51,2
DA:55,2
DA:59,2
DA:63,1
DA:65,1
DA:73,1
DA:77,1
LF:26
LH:26
BRDA:22,0,0,1
BRDA:22,0,1,1
BRDA:12,1,0,2
BRDA:12,1,1,0
BRDA:12,2,0,2
BRDA:12,2,1,2
BRDA:12,3,0,2
BRDA:12,3,1,0
BRDA:12,4,0,2
BRDA:12,4,1,2
BRF:10
BRH:8
end_of_record
TN:
SF:src\wallet\wallet.controller.ts
FN:11,(anonymous_4)
FN:17,(anonymous_5)
FN:31,(anonymous_6)
FN:48,(anonymous_7)
FN:60,(anonymous_8)
FNF:5
FNH:0
FNDA:0,(anonymous_4)
FNDA:0,(anonymous_5)
FNDA:0,(anonymous_6)
FNDA:0,(anonymous_7)
FNDA:0,(anonymous_8)
DA:1,0
DA:2,0
DA:3,0
DA:4,0
DA:5,0
DA:6,0
DA:7,0
DA:10,0
DA:11,0
DA:17,0
DA:18,0
DA:19,0
DA:21,0
DA:31,0
DA:35,0
DA:36,0
DA:38,0
DA:48,0
DA:52,0
DA:53,0
DA:60,0
DA:61,0
DA:62,0
DA:64,0
LF:24
LH:0
BRDA:17,0,0,0
BRDA:17,0,1,0
BRDA:17,1,0,0
BRDA:17,1,1,0
BRDA:32,2,0,0
BRDA:32,2,1,0
BRDA:32,3,0,0
BRDA:32,3,1,0
BRDA:34,4,0,0
BRDA:34,4,1,0
BRDA:34,5,0,0
BRDA:34,5,1,0
BRDA:49,6,0,0
BRDA:49,6,1,0
BRDA:49,7,0,0
BRDA:49,7,1,0
BRDA:51,8,0,0
BRDA:51,8,1,0
BRDA:51,9,0,0
BRDA:51,9,1,0
BRDA:60,10,0,0
BRDA:60,10,1,0
BRDA:60,11,0,0
BRDA:60,11,1,0
BRDA:11,12,0,0
BRDA:11,12,1,0
BRDA:11,13,0,0
BRDA:11,13,1,0
BRF:28
BRH:0
end_of_record
TN:
SF:src\wallet\wallet.module.ts
FNF:0
FNH:0
DA:1,0
DA:2,0
DA:3,0
DA:4,0
DA:5,0
DA:6,0
DA:7,0
DA:15,0
LF:8
LH:0
BRF:0
BRH:0
end_of_record
TN:
SF:src\wallet\wallet.service.ts
FN:11,(anonymous_4)
FN:21,(anonymous_5)
FN:56,(anonymous_6)
FN:152,(anonymous_7)
FN:213,(anonymous_8)
FN:220,(anonymous_9)
FNF:6
FNH:6
FNDA:10,(anonymous_4)
FNDA:3,(anonymous_5)
FNDA:4,(anonymous_6)
FNDA:2,(anonymous_7)
FNDA:1,(anonymous_8)
FNDA:1,(anonymous_9)
DA:1,1
DA:2,1
DA:3,1
DA:4,1
DA:5,1
DA:6,1
DA:10,1
DA:13,10
DA:15,10
DA:17,10
DA:18,10
DA:22,3
DA:27,3
DA:28,1
DA:31,2
DA:35,2
DA:37,1
DA:41,1
DA:44,2
DA:57,4
DA:60,4
DA:61,4
DA:62,4
DA:64,4
DA:66,4
DA:71,4
DA:72,1
DA:75,3
DA:76,1
DA:80,2
DA:84,2
DA:85,0
DA:89,2
DA:90,1
DA:94,1
DA:98,1
DA:99,0
DA:103,0
DA:107,1
DA:116,1
DA:119,1
DA:120,1
DA:122,1
DA:123,1
DA:126,1
DA:128,1
DA:144,3
DA:145,3
DA:148,4
DA:153,2
DA:156,2
DA:157,2
DA:158,2
DA:160,2
DA:162,2
DA:166,2
DA:167,0
DA:171,2
DA:172,1
DA:176,1
DA:184,1
DA:187,1
DA:188,1
DA:191,1
DA:193,1
DA:205,1
DA:206,1
DA:209,2
DA:214,1
DA:220,1
LF:70
LH:66
BRDA:27,0,0,1
BRDA:27,0,1,2
BRDA:35,1,0,1
BRDA:35,1,1,1
BRDA:71,2,0,1
BRDA:71,2,1,3
BRDA:75,3,0,1
BRDA:75,3,1,2
BRDA:84,4,0,0
BRDA:84,4,1,2
BRDA:89,5,0,1
BRDA:89,5,1,1
BRDA:98,6,0,0
BRDA:98,6,1,1
BRDA:166,7,0,0
BRDA:166,7,1,2
BRDA:171,8,0,1
BRDA:171,8,1,1
BRDA:180,9,0,1
BRDA:180,9,1,0
BRDA:227,10,0,1
BRDA:227,10,1,0
BRDA:13,11,0,1
BRDA:13,11,1,0
BRDA:13,12,0,1
BRDA:13,12,1,1
BRDA:13,13,0,1
BRDA:13,13,1,0
BRDA:13,14,0,1
BRDA:13,14,1,1
BRDA:15,15,0,1
BRDA:15,15,1,0
BRDA:15,16,0,1
BRDA:15,16,1,1
BRDA:17,17,0,1
BRDA:17,17,1,0
BRDA:17,18,0,1
BRDA:17,18,1,1
BRF:38
BRH:29
end_of_record
